<?xml version="1.0" encoding="UTF-8"?>
<robot generator="Robot 6.0.1 (Python 3.11.9 on win32)" generated="20260326 16:25:21.746" rpa="false" schemaversion="3">
<suite id="s1" name="04 Tools" source="E:\Automation\Mindfox_RT_Automation\tests\04_Tools.robot">
<test id="s1-t1" name="MFRTT01 - Verify whether able to add line profiler tool in image viewer" line="13">
<kw name="Open FoxViewerDesktop Application" library="login">
<kw name="Launch Application" library="FlaUILibrary">
<var>${pid}</var>
<arg>${APP_PATH}</arg>
<doc>Launches an application.</doc>
<status status="NOT RUN" starttime="20260326 16:25:23.116" endtime="20260326 16:25:23.116"/>
</kw>
<kw name="Attach Application By Pid" library="FlaUILibrary">
<arg>${pid}</arg>
<doc>Attach to a running application by pid.</doc>
<status status="NOT RUN" starttime="20260326 16:25:23.116" endtime="20260326 16:25:23.116"/>
</kw>
<kw name="Sleep" library="BuiltIn">
<arg>1s</arg>
<doc>Pauses the test executed for the given time.</doc>
<status status="NOT RUN" starttime="20260326 16:25:23.117" endtime="20260326 16:25:23.117"/>
</kw>
<kw name="Wait Until Element Is Enabled" library="FlaUILibrary">
<arg>${LOGIN_BUTTON_XPATH}</arg>
<arg>5</arg>
<doc>Waits until element is enabled or timeout was reached. If timeout was reached an FlaUIError occurred.</doc>
<status status="NOT RUN" starttime="20260326 16:25:23.117" endtime="20260326 16:25:23.117"/>
</kw>
<kw name="Sleep" library="BuiltIn">
<arg>1s</arg>
<doc>Pauses the test executed for the given time.</doc>
<status status="NOT RUN" starttime="20260326 16:25:23.117" endtime="20260326 16:25:23.117"/>
</kw>
<return>
<value>${pid}</value>
<status status="PASS" starttime="20260326 16:25:23.117" endtime="20260326 16:25:23.117"/>
</return>
<status status="PASS" starttime="20260326 16:25:23.116" endtime="20260326 16:25:23.117"/>
</kw>
<kw name="Login To FoxViewerDesktop" library="login">
<arg>Sri</arg>
<arg>Sri</arg>
<kw name="Sleep" library="BuiltIn">
<arg>1s</arg>
<doc>Pauses the test executed for the given time.</doc>
<status status="NOT RUN" starttime="20260326 16:25:23.117" endtime="20260326 16:25:23.117"/>
</kw>
<kw name="Wait Until Element Exist" library="FlaUILibrary">
<arg>${LOGIN_WINDOW_XPATH}</arg>
<arg>2</arg>
<doc>Waits until element exist or timeout was reached. If timeout was reached an FlaUIError occurred.</doc>
<status status="NOT RUN" starttime="20260326 16:25:23.117" endtime="20260326 16:25:23.117"/>
</kw>
<kw name="Set Text To Textbox" library="FlaUILibrary">
<arg>${USER_NAME_XPATH}</arg>
<arg>${username}</arg>
<doc>Inputs value to a textbox module.</doc>
<status status="NOT RUN" starttime="20260326 16:25:23.117" endtime="20260326 16:25:23.118"/>
</kw>
<kw name="Sleep" library="BuiltIn">
<arg>0.5s</arg>
<doc>Pauses the test executed for the given time.</doc>
<status status="NOT RUN" starttime="20260326 16:25:23.118" endtime="20260326 16:25:23.118"/>
</kw>
<kw name="Set Text To Textbox" library="FlaUILibrary">
<arg>${PASSWORD_XPATH}</arg>
<arg>${password}</arg>
<doc>Inputs value to a textbox module.</doc>
<status status="NOT RUN" starttime="20260326 16:25:23.118" endtime="20260326 16:25:23.118"/>
</kw>
<kw name="Sleep" library="BuiltIn">
<arg>0.5s</arg>
<doc>Pauses the test executed for the given time.</doc>
<status status="NOT RUN" starttime="20260326 16:25:23.118" endtime="20260326 16:25:23.118"/>
</kw>
<kw name="Click" library="FlaUILibrary">
<arg>${LOGIN_BUTTON_XPATH}</arg>
<doc>Left click to element by an XPath.</doc>
<status status="NOT RUN" starttime="20260326 16:25:23.118" endtime="20260326 16:25:23.118"/>
</kw>
<kw name="Sleep" library="BuiltIn">
<arg>1s</arg>
<doc>Pauses the test executed for the given time.</doc>
<status status="NOT RUN" starttime="20260326 16:25:23.118" endtime="20260326 16:25:23.118"/>
</kw>
<kw name="Focus" library="FlaUILibrary">
<arg>${MAIN_WINDOW_XPATH}</arg>
<doc>Try to focus element by given xpath.</doc>
<status status="NOT RUN" starttime="20260326 16:25:23.119" endtime="20260326 16:25:23.119"/>
</kw>
<kw name="Sleep" library="BuiltIn">
<arg>1s</arg>
<doc>Pauses the test executed for the given time.</doc>
<status status="NOT RUN" starttime="20260326 16:25:23.119" endtime="20260326 16:25:23.119"/>
</kw>
<kw name="Resize FoxRT Application Window" library="login">
<arg>10</arg>
<arg>10</arg>
<arg>1850</arg>
<arg>1000</arg>
<kw name="Restore FoxRT Window" library="login">
<kw name="Verify Window Is Maximized" library="login">
<var>${is_maximized}</var>
<kw name="Run Keyword And Return Status" library="BuiltIn">
<var>${is_maximized}</var>
<arg>Wait Until Element Exist</arg>
<arg>${MAIN_RESTORE_BTN_XPATH}</arg>
<arg>2</arg>
<doc>Runs the given keyword with given arguments and returns the status as a Boolean value.</doc>
<kw name="Wait Until Element Exist" library="FlaUILibrary">
<arg>${MAIN_RESTORE_BTN_XPATH}</arg>
<arg>2</arg>
<doc>Waits until element exist or timeout was reached. If timeout was reached an FlaUIError occurred.</doc>
<status status="NOT RUN" starttime="20260326 16:25:23.119" endtime="20260326 16:25:23.119"/>
</kw>
<status status="NOT RUN" starttime="20260326 16:25:23.119" endtime="20260326 16:25:23.119"/>
</kw>
<return>
<value>${is_maximized}</value>
<status status="PASS" starttime="20260326 16:25:23.119" endtime="20260326 16:25:23.120"/>
</return>
<status status="PASS" starttime="20260326 16:25:23.119" endtime="20260326 16:25:23.120"/>
</kw>
<if>
<branch type="IF" condition="${is_maximized}">
<kw name="Invoke Button" library="FlaUILibrary">
<arg>${MAIN_RESTORE_BTN_XPATH}</arg>
<doc>Invokes the invokable element given by identifier.
If button could not be found by xpath False will be returned.</doc>
<status status="NOT RUN" starttime="20260326 16:25:23.120" endtime="20260326 16:25:23.120"/>
</kw>
<status status="PASS" starttime="20260326 16:25:23.120" endtime="20260326 16:25:23.120"/>
</branch>
<status status="PASS" starttime="20260326 16:25:23.120" endtime="20260326 16:25:23.120"/>
</if>
<status status="PASS" starttime="20260326 16:25:23.119" endtime="20260326 16:25:23.120"/>
</kw>
<kw name="Focus" library="FlaUILibrary">
<arg>${MAIN_WINDOW_XPATH}</arg>
<doc>Try to focus element by given xpath.</doc>
<status status="NOT RUN" starttime="20260326 16:25:23.120" endtime="20260326 16:25:23.120"/>
</kw>
<kw name="Win Move" library="AutoItLibrary">
<arg>[ACTIVE]</arg>
<arg>${EMPTY}</arg>
<arg>${x}</arg>
<arg>${y}</arg>
<arg>${width}</arg>
<arg>${height}</arg>
<doc>method WinMove</doc>
<status status="NOT RUN" starttime="20260326 16:25:23.120" endtime="20260326 16:25:23.120"/>
</kw>
<kw name="Sleep" library="BuiltIn">
<arg>1s</arg>
<doc>Pauses the test executed for the given time.</doc>
<status status="NOT RUN" starttime="20260326 16:25:23.120" endtime="20260326 16:25:23.120"/>
</kw>
<status status="PASS" starttime="20260326 16:25:23.119" endtime="20260326 16:25:23.121"/>
</kw>
<kw name="Sleep" library="BuiltIn">
<arg>1s</arg>
<doc>Pauses the test executed for the given time.</doc>
<status status="NOT RUN" starttime="20260326 16:25:23.121" endtime="20260326 16:25:23.121"/>
</kw>
<status status="PASS" starttime="20260326 16:25:23.117" endtime="20260326 16:25:23.121"/>
</kw>
<kw name="Main Window Should Be Open" library="login">
<kw name="Wait Until Keyword Succeeds" library="BuiltIn">
<arg>10x</arg>
<arg>1s</arg>
<arg>Element Should Exist</arg>
<arg>${MAIN_WINDOW_XPATH}</arg>
<doc>Runs the specified keyword and retries if it fails.</doc>
<kw name="Element Should Exist" library="FlaUILibrary">
<arg>${MAIN_WINDOW_XPATH}</arg>
<doc>Checks if element exists. If element exists True will be returned otherwise False.
If element could not be found by xpath False will be returned.</doc>
<status status="NOT RUN" starttime="20260326 16:25:23.121" endtime="20260326 16:25:23.121"/>
</kw>
<status status="NOT RUN" starttime="20260326 16:25:23.121" endtime="20260326 16:25:23.121"/>
</kw>
<status status="PASS" starttime="20260326 16:25:23.121" endtime="20260326 16:25:23.121"/>
</kw>
<kw name="Open ProjectFile" library="General">
<arg>${project_Directory_Path}DuplexPlate_With_RT.dcm</arg>
<kw name="Wait Until Element Exist" library="FlaUILibrary">
<arg>${project_menu_item_xpaths}</arg>
<arg>2</arg>
<doc>Waits until element exist or timeout was reached. If timeout was reached an FlaUIError occurred.</doc>
<status status="NOT RUN" starttime="20260326 16:25:23.121" endtime="20260326 16:25:23.121"/>
</kw>
<kw name="Sleep" library="BuiltIn">
<arg>1s</arg>
<doc>Pauses the test executed for the given time.</doc>
<status status="NOT RUN" starttime="20260326 16:25:23.121" endtime="20260326 16:25:23.121"/>
</kw>
<kw name="Click" library="FlaUILibrary">
<arg>${project_menu_item_xpaths}</arg>
<doc>Left click to element by an XPath.</doc>
<status status="NOT RUN" starttime="20260326 16:25:23.121" endtime="20260326 16:25:23.121"/>
</kw>
<kw name="Sleep" library="BuiltIn">
<arg>1s</arg>
<doc>Pauses the test executed for the given time.</doc>
<status status="NOT RUN" starttime="20260326 16:25:23.122" endtime="20260326 16:25:23.122"/>
</kw>
<kw name="Set Text To Textbox" library="FlaUILibrary">
<arg>${INPUT_FILE_DIALOG_XPATH}</arg>
<arg>${project_file_path}</arg>
<doc>Inputs value to a textbox module.</doc>
<status status="NOT RUN" starttime="20260326 16:25:23.122" endtime="20260326 16:25:23.122"/>
</kw>
<kw name="Sleep" library="BuiltIn">
<arg>1s</arg>
<doc>Pauses the test executed for the given time.</doc>
<status status="NOT RUN" starttime="20260326 16:25:23.122" endtime="20260326 16:25:23.122"/>
</kw>
<kw name="Click" library="FlaUILibrary">
<arg>${OPEN_BUTTON_XPATH}</arg>
<doc>Left click to element by an XPath.</doc>
<status status="NOT RUN" starttime="20260326 16:25:23.122" endtime="20260326 16:25:23.122"/>
</kw>
<kw name="Sleep" library="BuiltIn">
<arg>1s</arg>
<doc>Pauses the test executed for the given time.</doc>
<status status="NOT RUN" starttime="20260326 16:25:23.122" endtime="20260326 16:25:23.122"/>
</kw>
<kw name="Wait Until Element Is Enabled" library="FlaUILibrary">
<arg>${Button_Clear_XPATH}</arg>
<arg>3</arg>
<doc>Waits until element is enabled or timeout was reached. If timeout was reached an FlaUIError occurred.</doc>
<status status="NOT RUN" starttime="20260326 16:25:23.122" endtime="20260326 16:25:23.122"/>
</kw>
<status status="PASS" starttime="20260326 16:25:23.121" endtime="20260326 16:25:23.122"/>
</kw>
<kw name="Add Line Profiler Tool" library="Tools">
<arg>603</arg>
<arg>296</arg>
<arg>986</arg>
<arg>263</arg>
<doc>Activate the Line Profiler tool and draw it on the image viewer.</doc>
<kw name="Focus" library="FlaUILibrary">
<arg>${window_XPATH}</arg>
<doc>Try to focus element by given xpath.</doc>
<status status="NOT RUN" starttime="20260326 16:25:23.122" endtime="20260326 16:25:23.122"/>
</kw>
<kw name="Sleep" library="BuiltIn">
<arg>0.2s</arg>
<doc>Pauses the test executed for the given time.</doc>
<status status="NOT RUN" starttime="20260326 16:25:23.122" endtime="20260326 16:25:23.122"/>
</kw>
<kw name="Click" library="FlaUILibrary">
<arg>${line_profiler_tool_button_xpath}</arg>
<doc>Left click to element by an XPath.</doc>
<status status="NOT RUN" starttime="20260326 16:25:23.123" endtime="20260326 16:25:23.123"/>
</kw>
<kw name="Sleep" library="BuiltIn">
<arg>0.2s</arg>
<doc>Pauses the test executed for the given time.</doc>
<status status="NOT RUN" starttime="20260326 16:25:23.123" endtime="20260326 16:25:23.123"/>
</kw>
<kw name="Mouse Click Drag" library="AutoItLibrary">
<arg>left</arg>
<arg>${x1}</arg>
<arg>${y1}</arg>
<arg>${x2}</arg>
<arg>${y2}</arg>
<doc>method MouseClickDrag</doc>
<status status="NOT RUN" starttime="20260326 16:25:23.123" endtime="20260326 16:25:23.123"/>
</kw>
<kw name="Sleep" library="BuiltIn">
<arg>0.5s</arg>
<doc>Pauses the test executed for the given time.</doc>
<status status="NOT RUN" starttime="20260326 16:25:23.123" endtime="20260326 16:25:23.123"/>
</kw>
<status status="PASS" starttime="20260326 16:25:23.122" endtime="20260326 16:25:23.123"/>
</kw>
<kw name="Take Actual Screenshot" library="imageviewer">
<arg>MFRTT01_1.png</arg>
<kw name="Take Screenshot" library="FlaUILibrary">
<var>${screenshot_path}</var>
<arg>${IMAGE_VIEWER_XPATH}</arg>
<doc>Takes a screenshot of the whole desktop or the element, from the optionally provided identifier. 
Returns screenshot depending on log mode.
Screenshot mode File -&gt; returns filepath
Screenshot mode Base64 -&gt; returns encoded base64 string of image</doc>
<status status="NOT RUN" starttime="20260326 16:25:23.123" endtime="20260326 16:25:23.123"/>
</kw>
<kw name="Log" library="BuiltIn">
<arg>Screenshot saved to (temporary): ${screenshot_path}</arg>
<doc>Logs the given message with the given level.</doc>
<status status="NOT RUN" starttime="20260326 16:25:23.123" endtime="20260326 16:25:23.123"/>
</kw>
<kw name="Set Variable" library="BuiltIn">
<var>${dest}</var>
<arg>${actual_image}${filename}</arg>
<doc>Returns the given values which can then be assigned to a variables.</doc>
<status status="NOT RUN" starttime="20260326 16:25:23.123" endtime="20260326 16:25:23.124"/>
</kw>
<kw name="Create Directory" library="OperatingSystem">
<arg>${actual_image}</arg>
<doc>Creates the specified directory.</doc>
<status status="NOT RUN" starttime="20260326 16:25:23.124" endtime="20260326 16:25:23.124"/>
</kw>
<kw name="Move File" library="OperatingSystem">
<arg>${screenshot_path}</arg>
<arg>${dest}</arg>
<doc>Moves the source file into the destination.</doc>
<status status="NOT RUN" starttime="20260326 16:25:23.124" endtime="20260326 16:25:23.124"/>
</kw>
<kw name="Log" library="BuiltIn">
<arg>Screenshot moved to: ${dest}</arg>
<doc>Logs the given message with the given level.</doc>
<status status="NOT RUN" starttime="20260326 16:25:23.124" endtime="20260326 16:25:23.124"/>
</kw>
<return>
<value>${dest}</value>
<status status="PASS" starttime="20260326 16:25:23.124" endtime="20260326 16:25:23.124"/>
</return>
<status status="PASS" starttime="20260326 16:25:23.123" endtime="20260326 16:25:23.124"/>
</kw>
<kw name="Take Line Profiler window Screenshot" library="Tools">
<arg>MFRTT01_2.png</arg>
<kw name="Wait Until Element Exist" library="FlaUILibrary">
<arg>${line_profiler_window_xpath}</arg>
<arg>5</arg>
<doc>Waits until element exist or timeout was reached. If timeout was reached an FlaUIError occurred.</doc>
<status status="NOT RUN" starttime="20260326 16:25:23.124" endtime="20260326 16:25:23.124"/>
</kw>
<kw name="Take Screenshot" library="FlaUILibrary">
<var>${screenshot_path}</var>
<arg>${line_profiler_window_xpath}</arg>
<doc>Takes a screenshot of the whole desktop or the element, from the optionally provided identifier. 
Returns screenshot depending on log mode.
Screenshot mode File -&gt; returns filepath
Screenshot mode Base64 -&gt; returns encoded base64 string of image</doc>
<status status="NOT RUN" starttime="20260326 16:25:23.124" endtime="20260326 16:25:23.124"/>
</kw>
<kw name="Log" library="BuiltIn">
<arg>Screenshot saved to (temporary): ${screenshot_path}</arg>
<doc>Logs the given message with the given level.</doc>
<status status="NOT RUN" starttime="20260326 16:25:23.124" endtime="20260326 16:25:23.124"/>
</kw>
<kw name="Set Variable" library="BuiltIn">
<var>${dest}</var>
<arg>${actual_image}${filename}</arg>
<doc>Returns the given values which can then be assigned to a variables.</doc>
<status status="NOT RUN" starttime="20260326 16:25:23.124" endtime="20260326 16:25:23.124"/>
</kw>
<kw name="Create Directory" library="OperatingSystem">
<arg>${actual_image}</arg>
<doc>Creates the specified directory.</doc>
<status status="NOT RUN" starttime="20260326 16:25:23.124" endtime="20260326 16:25:23.124"/>
</kw>
<kw name="Move File" library="OperatingSystem">
<arg>${screenshot_path}</arg>
<arg>${dest}</arg>
<doc>Moves the source file into the destination.</doc>
<status status="NOT RUN" starttime="20260326 16:25:23.124" endtime="20260326 16:25:23.125"/>
</kw>
<kw name="Log" library="BuiltIn">
<arg>Screenshot moved to: ${dest}</arg>
<doc>Logs the given message with the given level.</doc>
<status status="NOT RUN" starttime="20260326 16:25:23.125" endtime="20260326 16:25:23.125"/>
</kw>
<return>
<value>${dest}</value>
<status status="PASS" starttime="20260326 16:25:23.125" endtime="20260326 16:25:23.125"/>
</return>
<status status="PASS" starttime="20260326 16:25:23.124" endtime="20260326 16:25:23.125"/>
</kw>
<kw name="Run Keyword And Continue On Failure" library="BuiltIn">
<arg>Compare Result Images</arg>
<arg>MFRTT01_1.png</arg>
<arg>MFRTT01_1.png</arg>
<doc>Runs the keyword and continues execution even if a failure occurs.</doc>
<kw name="Compare Result Images" library="imageviewer">
<arg>MFRTT01_1.png</arg>
<arg>MFRTT01_1.png</arg>
<kw name="Set Variable" library="BuiltIn">
<var>${expected_full}</var>
<arg>${expected_image}${expected_image_path}</arg>
<doc>Returns the given values which can then be assigned to a variables.</doc>
<status status="NOT RUN" starttime="20260326 16:25:23.125" endtime="20260326 16:25:23.125"/>
</kw>
<kw name="Set Variable" library="BuiltIn">
<var>${actual_full}</var>
<arg>${actual_image}${actual_image_path}</arg>
<doc>Returns the given values which can then be assigned to a variables.</doc>
<status status="NOT RUN" starttime="20260326 16:25:23.125" endtime="20260326 16:25:23.125"/>
</kw>
<kw name="Log" library="BuiltIn">
<arg>Comparing ${expected_full} with ${actual_full}</arg>
<doc>Logs the given message with the given level.</doc>
<status status="NOT RUN" starttime="20260326 16:25:23.125" endtime="20260326 16:25:23.125"/>
</kw>
<kw name="Compare Images" library="image_comparator">
<var>${result}</var>
<arg>${expected_full}</arg>
<arg>${actual_full}</arg>
<doc>Module-level wrapper so Robot Framework can use `Compare Images` keyword.
Returns True if images are identical, False otherwise.</doc>
<status status="NOT RUN" starttime="20260326 16:25:23.125" endtime="20260326 16:25:23.126"/>
</kw>
<kw name="Should Be True" library="BuiltIn">
<arg>${result}</arg>
<arg>Images do not match: ${expected_full} and ${actual_full}</arg>
<doc>Fails if the given condition is not true.</doc>
<status status="NOT RUN" starttime="20260326 16:25:23.126" endtime="20260326 16:25:23.126"/>
</kw>
<status status="PASS" starttime="20260326 16:25:23.125" endtime="20260326 16:25:23.126"/>
</kw>
<status status="NOT RUN" starttime="20260326 16:25:23.125" endtime="20260326 16:25:23.126"/>
</kw>
<kw name="Run Keyword And Continue On Failure" library="BuiltIn">
<arg>Compare Result Images</arg>
<arg>MFRTT01_2.png</arg>
<arg>MFRTT01_2.png</arg>
<doc>Runs the keyword and continues execution even if a failure occurs.</doc>
<kw name="Compare Result Images" library="imageviewer">
<arg>MFRTT01_2.png</arg>
<arg>MFRTT01_2.png</arg>
<kw name="Set Variable" library="BuiltIn">
<var>${expected_full}</var>
<arg>${expected_image}${expected_image_path}</arg>
<doc>Returns the given values which can then be assigned to a variables.</doc>
<status status="NOT RUN" starttime="20260326 16:25:23.126" endtime="20260326 16:25:23.126"/>
</kw>
<kw name="Set Variable" library="BuiltIn">
<var>${actual_full}</var>
<arg>${actual_image}${actual_image_path}</arg>
<doc>Returns the given values which can then be assigned to a variables.</doc>
<status status="NOT RUN" starttime="20260326 16:25:23.126" endtime="20260326 16:25:23.126"/>
</kw>
<kw name="Log" library="BuiltIn">
<arg>Comparing ${expected_full} with ${actual_full}</arg>
<doc>Logs the given message with the given level.</doc>
<status status="NOT RUN" starttime="20260326 16:25:23.126" endtime="20260326 16:25:23.126"/>
</kw>
<kw name="Compare Images" library="image_comparator">
<var>${result}</var>
<arg>${expected_full}</arg>
<arg>${actual_full}</arg>
<doc>Module-level wrapper so Robot Framework can use `Compare Images` keyword.
Returns True if images are identical, False otherwise.</doc>
<status status="NOT RUN" starttime="20260326 16:25:23.126" endtime="20260326 16:25:23.126"/>
</kw>
<kw name="Should Be True" library="BuiltIn">
<arg>${result}</arg>
<arg>Images do not match: ${expected_full} and ${actual_full}</arg>
<doc>Fails if the given condition is not true.</doc>
<status status="NOT RUN" starttime="20260326 16:25:23.126" endtime="20260326 16:25:23.126"/>
</kw>
<status status="PASS" starttime="20260326 16:25:23.126" endtime="20260326 16:25:23.126"/>
</kw>
<status status="NOT RUN" starttime="20260326 16:25:23.126" endtime="20260326 16:25:23.126"/>
</kw>
<kw name="Click" library="FlaUILibrary">
<arg>${line_profiler_tool_button_xpath}</arg>
<doc>Left click to element by an XPath.</doc>
<status status="NOT RUN" starttime="20260326 16:25:23.126" endtime="20260326 16:25:23.126"/>
</kw>
<kw name="Close Project" library="General">
<kw name="Click" library="FlaUILibrary">
<arg>${Button_Clear_XPATH}</arg>
<doc>Left click to element by an XPath.</doc>
<status status="NOT RUN" starttime="20260326 16:25:23.127" endtime="20260326 16:25:23.127"/>
</kw>
<kw name="Sleep" library="BuiltIn">
<arg>1s</arg>
<doc>Pauses the test executed for the given time.</doc>
<status status="NOT RUN" starttime="20260326 16:25:23.127" endtime="20260326 16:25:23.127"/>
</kw>
<status status="PASS" starttime="20260326 16:25:23.127" endtime="20260326 16:25:23.127"/>
</kw>
<doc>Verify whether able to open add line profiler tool in image viewer</doc>
<tag>smoke</tag>
<tag>tools</tag>
<status status="PASS" starttime="20260326 16:25:23.115" endtime="20260326 16:25:23.127"/>
</test>
<test id="s1-t2" name="MFRTT02 - Verify whether able to add ROI statistics tool in image viewer" line="29">
<kw name="Open ProjectFile" library="General">
<arg>${project_Directory_Path}MLE_4_0.237.dcm</arg>
<kw name="Wait Until Element Exist" library="FlaUILibrary">
<arg>${project_menu_item_xpaths}</arg>
<arg>2</arg>
<doc>Waits until element exist or timeout was reached. If timeout was reached an FlaUIError occurred.</doc>
<status status="NOT RUN" starttime="20260326 16:25:23.128" endtime="20260326 16:25:23.128"/>
</kw>
<kw name="Sleep" library="BuiltIn">
<arg>1s</arg>
<doc>Pauses the test executed for the given time.</doc>
<status status="NOT RUN" starttime="20260326 16:25:23.128" endtime="20260326 16:25:23.128"/>
</kw>
<kw name="Click" library="FlaUILibrary">
<arg>${project_menu_item_xpaths}</arg>
<doc>Left click to element by an XPath.</doc>
<status status="NOT RUN" starttime="20260326 16:25:23.128" endtime="20260326 16:25:23.128"/>
</kw>
<kw name="Sleep" library="BuiltIn">
<arg>1s</arg>
<doc>Pauses the test executed for the given time.</doc>
<status status="NOT RUN" starttime="20260326 16:25:23.128" endtime="20260326 16:25:23.128"/>
</kw>
<kw name="Set Text To Textbox" library="FlaUILibrary">
<arg>${INPUT_FILE_DIALOG_XPATH}</arg>
<arg>${project_file_path}</arg>
<doc>Inputs value to a textbox module.</doc>
<status status="NOT RUN" starttime="20260326 16:25:23.128" endtime="20260326 16:25:23.128"/>
</kw>
<kw name="Sleep" library="BuiltIn">
<arg>1s</arg>
<doc>Pauses the test executed for the given time.</doc>
<status status="NOT RUN" starttime="20260326 16:25:23.128" endtime="20260326 16:25:23.128"/>
</kw>
<kw name="Click" library="FlaUILibrary">
<arg>${OPEN_BUTTON_XPATH}</arg>
<doc>Left click to element by an XPath.</doc>
<status status="NOT RUN" starttime="20260326 16:25:23.128" endtime="20260326 16:25:23.128"/>
</kw>
<kw name="Sleep" library="BuiltIn">
<arg>1s</arg>
<doc>Pauses the test executed for the given time.</doc>
<status status="NOT RUN" starttime="20260326 16:25:23.128" endtime="20260326 16:25:23.128"/>
</kw>
<kw name="Wait Until Element Is Enabled" library="FlaUILibrary">
<arg>${Button_Clear_XPATH}</arg>
<arg>3</arg>
<doc>Waits until element is enabled or timeout was reached. If timeout was reached an FlaUIError occurred.</doc>
<status status="NOT RUN" starttime="20260326 16:25:23.128" endtime="20260326 16:25:23.128"/>
</kw>
<status status="PASS" starttime="20260326 16:25:23.127" endtime="20260326 16:25:23.128"/>
</kw>
<kw name="Add ROI Statistics Tool" library="Tools">
<arg>603</arg>
<arg>296</arg>
<arg>986</arg>
<arg>263</arg>
<doc>Activate the ROI Statistics tool and draw it on the image viewer.</doc>
<kw name="Focus" library="FlaUILibrary">
<arg>${window_XPATH}</arg>
<doc>Try to focus element by given xpath.</doc>
<status status="NOT RUN" starttime="20260326 16:25:23.129" endtime="20260326 16:25:23.129"/>
</kw>
<kw name="Sleep" library="BuiltIn">
<arg>0.2s</arg>
<doc>Pauses the test executed for the given time.</doc>
<status status="NOT RUN" starttime="20260326 16:25:23.129" endtime="20260326 16:25:23.129"/>
</kw>
<kw name="Click" library="FlaUILibrary">
<arg>${roi_statistics_tool_button_xpath}</arg>
<doc>Left click to element by an XPath.</doc>
<status status="NOT RUN" starttime="20260326 16:25:23.129" endtime="20260326 16:25:23.129"/>
</kw>
<kw name="Sleep" library="BuiltIn">
<arg>0.2s</arg>
<doc>Pauses the test executed for the given time.</doc>
<status status="NOT RUN" starttime="20260326 16:25:23.129" endtime="20260326 16:25:23.129"/>
</kw>
<kw name="Mouse Click Drag" library="AutoItLibrary">
<arg>left</arg>
<arg>${x1}</arg>
<arg>${y1}</arg>
<arg>${x2}</arg>
<arg>${x1}</arg>
<doc>method MouseClickDrag</doc>
<status status="NOT RUN" starttime="20260326 16:25:23.129" endtime="20260326 16:25:23.129"/>
</kw>
<kw name="Sleep" library="BuiltIn">
<arg>0.5s</arg>
<doc>Pauses the test executed for the given time.</doc>
<status status="NOT RUN" starttime="20260326 16:25:23.129" endtime="20260326 16:25:23.129"/>
</kw>
<status status="PASS" starttime="20260326 16:25:23.128" endtime="20260326 16:25:23.129"/>
</kw>
<kw name="Take Actual Screenshot" library="imageviewer">
<arg>MFRTT02_1.png</arg>
<kw name="Take Screenshot" library="FlaUILibrary">
<var>${screenshot_path}</var>
<arg>${IMAGE_VIEWER_XPATH}</arg>
<doc>Takes a screenshot of the whole desktop or the element, from the optionally provided identifier. 
Returns screenshot depending on log mode.
Screenshot mode File -&gt; returns filepath
Screenshot mode Base64 -&gt; returns encoded base64 string of image</doc>
<status status="NOT RUN" starttime="20260326 16:25:23.130" endtime="20260326 16:25:23.130"/>
</kw>
<kw name="Log" library="BuiltIn">
<arg>Screenshot saved to (temporary): ${screenshot_path}</arg>
<doc>Logs the given message with the given level.</doc>
<status status="NOT RUN" starttime="20260326 16:25:23.130" endtime="20260326 16:25:23.130"/>
</kw>
<kw name="Set Variable" library="BuiltIn">
<var>${dest}</var>
<arg>${actual_image}${filename}</arg>
<doc>Returns the given values which can then be assigned to a variables.</doc>
<status status="NOT RUN" starttime="20260326 16:25:23.130" endtime="20260326 16:25:23.130"/>
</kw>
<kw name="Create Directory" library="OperatingSystem">
<arg>${actual_image}</arg>
<doc>Creates the specified directory.</doc>
<status status="NOT RUN" starttime="20260326 16:25:23.130" endtime="20260326 16:25:23.130"/>
</kw>
<kw name="Move File" library="OperatingSystem">
<arg>${screenshot_path}</arg>
<arg>${dest}</arg>
<doc>Moves the source file into the destination.</doc>
<status status="NOT RUN" starttime="20260326 16:25:23.130" endtime="20260326 16:25:23.130"/>
</kw>
<kw name="Log" library="BuiltIn">
<arg>Screenshot moved to: ${dest}</arg>
<doc>Logs the given message with the given level.</doc>
<status status="NOT RUN" starttime="20260326 16:25:23.130" endtime="20260326 16:25:23.130"/>
</kw>
<return>
<value>${dest}</value>
<status status="PASS" starttime="20260326 16:25:23.130" endtime="20260326 16:25:23.130"/>
</return>
<status status="PASS" starttime="20260326 16:25:23.130" endtime="20260326 16:25:23.130"/>
</kw>
<kw name="Take ROI Statistics window Screenshot" library="Tools">
<arg>MFRTT02_2.png</arg>
<kw name="Wait Until Element Exist" library="FlaUILibrary">
<arg>${roi_statistics_window_xpath}</arg>
<arg>5</arg>
<doc>Waits until element exist or timeout was reached. If timeout was reached an FlaUIError occurred.</doc>
<status status="NOT RUN" starttime="20260326 16:25:23.131" endtime="20260326 16:25:23.131"/>
</kw>
<kw name="Take Screenshot" library="FlaUILibrary">
<var>${screenshot_path}</var>
<arg>${roi_statistics_window_xpath}</arg>
<doc>Takes a screenshot of the whole desktop or the element, from the optionally provided identifier. 
Returns screenshot depending on log mode.
Screenshot mode File -&gt; returns filepath
Screenshot mode Base64 -&gt; returns encoded base64 string of image</doc>
<status status="NOT RUN" starttime="20260326 16:25:23.131" endtime="20260326 16:25:23.131"/>
</kw>
<kw name="Log" library="BuiltIn">
<arg>Screenshot saved to (temporary): ${screenshot_path}</arg>
<doc>Logs the given message with the given level.</doc>
<status status="NOT RUN" starttime="20260326 16:25:23.131" endtime="20260326 16:25:23.131"/>
</kw>
<kw name="Set Variable" library="BuiltIn">
<var>${dest}</var>
<arg>${actual_image}${filename}</arg>
<doc>Returns the given values which can then be assigned to a variables.</doc>
<status status="NOT RUN" starttime="20260326 16:25:23.131" endtime="20260326 16:25:23.131"/>
</kw>
<kw name="Create Directory" library="OperatingSystem">
<arg>${actual_image}</arg>
<doc>Creates the specified directory.</doc>
<status status="NOT RUN" starttime="20260326 16:25:23.131" endtime="20260326 16:25:23.131"/>
</kw>
<kw name="Move File" library="OperatingSystem">
<arg>${screenshot_path}</arg>
<arg>${dest}</arg>
<doc>Moves the source file into the destination.</doc>
<status status="NOT RUN" starttime="20260326 16:25:23.131" endtime="20260326 16:25:23.131"/>
</kw>
<kw name="Log" library="BuiltIn">
<arg>Screenshot moved to: ${dest}</arg>
<doc>Logs the given message with the given level.</doc>
<status status="NOT RUN" starttime="20260326 16:25:23.131" endtime="20260326 16:25:23.131"/>
</kw>
<return>
<value>${dest}</value>
<status status="PASS" starttime="20260326 16:25:23.131" endtime="20260326 16:25:23.131"/>
</return>
<status status="PASS" starttime="20260326 16:25:23.130" endtime="20260326 16:25:23.131"/>
</kw>
<kw name="Run Keyword And Continue On Failure" library="BuiltIn">
<arg>Compare Result Images</arg>
<arg>MFRTT02_1.png</arg>
<arg>MFRTT02_1.png</arg>
<doc>Runs the keyword and continues execution even if a failure occurs.</doc>
<kw name="Compare Result Images" library="imageviewer">
<arg>MFRTT02_1.png</arg>
<arg>MFRTT02_1.png</arg>
<kw name="Set Variable" library="BuiltIn">
<var>${expected_full}</var>
<arg>${expected_image}${expected_image_path}</arg>
<doc>Returns the given values which can then be assigned to a variables.</doc>
<status status="NOT RUN" starttime="20260326 16:25:23.132" endtime="20260326 16:25:23.132"/>
</kw>
<kw name="Set Variable" library="BuiltIn">
<var>${actual_full}</var>
<arg>${actual_image}${actual_image_path}</arg>
<doc>Returns the given values which can then be assigned to a variables.</doc>
<status status="NOT RUN" starttime="20260326 16:25:23.132" endtime="20260326 16:25:23.132"/>
</kw>
<kw name="Log" library="BuiltIn">
<arg>Comparing ${expected_full} with ${actual_full}</arg>
<doc>Logs the given message with the given level.</doc>
<status status="NOT RUN" starttime="20260326 16:25:23.132" endtime="20260326 16:25:23.132"/>
</kw>
<kw name="Compare Images" library="image_comparator">
<var>${result}</var>
<arg>${expected_full}</arg>
<arg>${actual_full}</arg>
<doc>Module-level wrapper so Robot Framework can use `Compare Images` keyword.
Returns True if images are identical, False otherwise.</doc>
<status status="NOT RUN" starttime="20260326 16:25:23.132" endtime="20260326 16:25:23.132"/>
</kw>
<kw name="Should Be True" library="BuiltIn">
<arg>${result}</arg>
<arg>Images do not match: ${expected_full} and ${actual_full}</arg>
<doc>Fails if the given condition is not true.</doc>
<status status="NOT RUN" starttime="20260326 16:25:23.132" endtime="20260326 16:25:23.132"/>
</kw>
<status status="PASS" starttime="20260326 16:25:23.132" endtime="20260326 16:25:23.132"/>
</kw>
<status status="NOT RUN" starttime="20260326 16:25:23.131" endtime="20260326 16:25:23.132"/>
</kw>
<kw name="Run Keyword And Continue On Failure" library="BuiltIn">
<arg>Compare Result Images</arg>
<arg>MFRTT02_2.png</arg>
<arg>MFRTT02_2.png</arg>
<doc>Runs the keyword and continues execution even if a failure occurs.</doc>
<kw name="Compare Result Images" library="imageviewer">
<arg>MFRTT02_2.png</arg>
<arg>MFRTT02_2.png</arg>
<kw name="Set Variable" library="BuiltIn">
<var>${expected_full}</var>
<arg>${expected_image}${expected_image_path}</arg>
<doc>Returns the given values which can then be assigned to a variables.</doc>
<status status="NOT RUN" starttime="20260326 16:25:23.133" endtime="20260326 16:25:23.133"/>
</kw>
<kw name="Set Variable" library="BuiltIn">
<var>${actual_full}</var>
<arg>${actual_image}${actual_image_path}</arg>
<doc>Returns the given values which can then be assigned to a variables.</doc>
<status status="NOT RUN" starttime="20260326 16:25:23.133" endtime="20260326 16:25:23.133"/>
</kw>
<kw name="Log" library="BuiltIn">
<arg>Comparing ${expected_full} with ${actual_full}</arg>
<doc>Logs the given message with the given level.</doc>
<status status="NOT RUN" starttime="20260326 16:25:23.133" endtime="20260326 16:25:23.133"/>
</kw>
<kw name="Compare Images" library="image_comparator">
<var>${result}</var>
<arg>${expected_full}</arg>
<arg>${actual_full}</arg>
<doc>Module-level wrapper so Robot Framework can use `Compare Images` keyword.
Returns True if images are identical, False otherwise.</doc>
<status status="NOT RUN" starttime="20260326 16:25:23.133" endtime="20260326 16:25:23.133"/>
</kw>
<kw name="Should Be True" library="BuiltIn">
<arg>${result}</arg>
<arg>Images do not match: ${expected_full} and ${actual_full}</arg>
<doc>Fails if the given condition is not true.</doc>
<status status="NOT RUN" starttime="20260326 16:25:23.133" endtime="20260326 16:25:23.133"/>
</kw>
<status status="PASS" starttime="20260326 16:25:23.132" endtime="20260326 16:25:23.133"/>
</kw>
<status status="NOT RUN" starttime="20260326 16:25:23.132" endtime="20260326 16:25:23.133"/>
</kw>
<kw name="Click" library="FlaUILibrary">
<arg>${roi_statistics_tool_button_xpath}</arg>
<doc>Left click to element by an XPath.</doc>
<status status="NOT RUN" starttime="20260326 16:25:23.133" endtime="20260326 16:25:23.133"/>
</kw>
<doc>Verify whether able to open add ROI statistics tool in image viewer</doc>
<tag>smoke</tag>
<tag>tools</tag>
<status status="PASS" starttime="20260326 16:25:23.127" endtime="20260326 16:25:23.133"/>
</test>
<test id="s1-t3" name="MFRTT03 - Verify whether able to apply window level over the image." line="40">
<kw name="Apply Window Level" library="Tools">
<arg>2</arg>
<arg>845</arg>
<arg>470</arg>
<arg>1050</arg>
<arg>570</arg>
<doc>Activate the Window Level tool and apply it on the image viewer the requested number of times.</doc>
<kw name="Focus" library="FlaUILibrary">
<arg>${window_XPATH}</arg>
<doc>Try to focus element by given xpath.</doc>
<status status="NOT RUN" starttime="20260326 16:25:23.135" endtime="20260326 16:25:23.135"/>
</kw>
<kw name="Sleep" library="BuiltIn">
<arg>0.2s</arg>
<doc>Pauses the test executed for the given time.</doc>
<status status="NOT RUN" starttime="20260326 16:25:23.136" endtime="20260326 16:25:23.136"/>
</kw>
<kw name="Click" library="FlaUILibrary">
<arg>${window_level_tool_button_xpath}</arg>
<doc>Left click to element by an XPath.</doc>
<status status="NOT RUN" starttime="20260326 16:25:23.136" endtime="20260326 16:25:23.136"/>
</kw>
<kw name="Sleep" library="BuiltIn">
<arg>0.2s</arg>
<doc>Pauses the test executed for the given time.</doc>
<status status="NOT RUN" starttime="20260326 16:25:23.136" endtime="20260326 16:25:23.136"/>
</kw>
<kw name="Convert To Integer" library="BuiltIn">
<var>${repeat_count}</var>
<arg>${repeat_count}</arg>
<doc>Converts the given item to an integer number.</doc>
<status status="NOT RUN" starttime="20260326 16:25:23.136" endtime="20260326 16:25:23.136"/>
</kw>
<for flavor="IN RANGE">
<var>${index}</var>
<value>${repeat_count}</value>
<iter>
<var name="${index}"/>
<kw name="Mouse Click Drag" library="AutoItLibrary">
<arg>left</arg>
<arg>${x1}</arg>
<arg>${y1}</arg>
<arg>${x2}</arg>
<arg>${y2}</arg>
<doc>method MouseClickDrag</doc>
<status status="NOT RUN" starttime="20260326 16:25:23.136" endtime="20260326 16:25:23.136"/>
</kw>
<kw name="Sleep" library="BuiltIn">
<arg>0.5s</arg>
<doc>Pauses the test executed for the given time.</doc>
<status status="NOT RUN" starttime="20260326 16:25:23.136" endtime="20260326 16:25:23.136"/>
</kw>
<status status="PASS" starttime="20260326 16:25:23.136" endtime="20260326 16:25:23.136"/>
</iter>
<status status="PASS" starttime="20260326 16:25:23.136" endtime="20260326 16:25:23.136"/>
</for>
<status status="PASS" starttime="20260326 16:25:23.135" endtime="20260326 16:25:23.136"/>
</kw>
<kw name="Take Actual Screenshot" library="imageviewer">
<arg>MFRTT03.png</arg>
<kw name="Take Screenshot" library="FlaUILibrary">
<var>${screenshot_path}</var>
<arg>${IMAGE_VIEWER_XPATH}</arg>
<doc>Takes a screenshot of the whole desktop or the element, from the optionally provided identifier. 
Returns screenshot depending on log mode.
Screenshot mode File -&gt; returns filepath
Screenshot mode Base64 -&gt; returns encoded base64 string of image</doc>
<status status="NOT RUN" starttime="20260326 16:25:23.137" endtime="20260326 16:25:23.137"/>
</kw>
<kw name="Log" library="BuiltIn">
<arg>Screenshot saved to (temporary): ${screenshot_path}</arg>
<doc>Logs the given message with the given level.</doc>
<status status="NOT RUN" starttime="20260326 16:25:23.137" endtime="20260326 16:25:23.137"/>
</kw>
<kw name="Set Variable" library="BuiltIn">
<var>${dest}</var>
<arg>${actual_image}${filename}</arg>
<doc>Returns the given values which can then be assigned to a variables.</doc>
<status status="NOT RUN" starttime="20260326 16:25:23.137" endtime="20260326 16:25:23.137"/>
</kw>
<kw name="Create Directory" library="OperatingSystem">
<arg>${actual_image}</arg>
<doc>Creates the specified directory.</doc>
<status status="NOT RUN" starttime="20260326 16:25:23.137" endtime="20260326 16:25:23.137"/>
</kw>
<kw name="Move File" library="OperatingSystem">
<arg>${screenshot_path}</arg>
<arg>${dest}</arg>
<doc>Moves the source file into the destination.</doc>
<status status="NOT RUN" starttime="20260326 16:25:23.137" endtime="20260326 16:25:23.137"/>
</kw>
<kw name="Log" library="BuiltIn">
<arg>Screenshot moved to: ${dest}</arg>
<doc>Logs the given message with the given level.</doc>
<status status="NOT RUN" starttime="20260326 16:25:23.137" endtime="20260326 16:25:23.137"/>
</kw>
<return>
<value>${dest}</value>
<status status="PASS" starttime="20260326 16:25:23.137" endtime="20260326 16:25:23.137"/>
</return>
<status status="PASS" starttime="20260326 16:25:23.136" endtime="20260326 16:25:23.137"/>
</kw>
<kw name="Run Keyword And Continue On Failure" library="BuiltIn">
<arg>Compare Result Images</arg>
<arg>MFRTT03.png</arg>
<arg>MFRTT03.png</arg>
<doc>Runs the keyword and continues execution even if a failure occurs.</doc>
<kw name="Compare Result Images" library="imageviewer">
<arg>MFRTT03.png</arg>
<arg>MFRTT03.png</arg>
<kw name="Set Variable" library="BuiltIn">
<var>${expected_full}</var>
<arg>${expected_image}${expected_image_path}</arg>
<doc>Returns the given values which can then be assigned to a variables.</doc>
<status status="NOT RUN" starttime="20260326 16:25:23.137" endtime="20260326 16:25:23.137"/>
</kw>
<kw name="Set Variable" library="BuiltIn">
<var>${actual_full}</var>
<arg>${actual_image}${actual_image_path}</arg>
<doc>Returns the given values which can then be assigned to a variables.</doc>
<status status="NOT RUN" starttime="20260326 16:25:23.138" endtime="20260326 16:25:23.138"/>
</kw>
<kw name="Log" library="BuiltIn">
<arg>Comparing ${expected_full} with ${actual_full}</arg>
<doc>Logs the given message with the given level.</doc>
<status status="NOT RUN" starttime="20260326 16:25:23.138" endtime="20260326 16:25:23.138"/>
</kw>
<kw name="Compare Images" library="image_comparator">
<var>${result}</var>
<arg>${expected_full}</arg>
<arg>${actual_full}</arg>
<doc>Module-level wrapper so Robot Framework can use `Compare Images` keyword.
Returns True if images are identical, False otherwise.</doc>
<status status="NOT RUN" starttime="20260326 16:25:23.138" endtime="20260326 16:25:23.138"/>
</kw>
<kw name="Should Be True" library="BuiltIn">
<arg>${result}</arg>
<arg>Images do not match: ${expected_full} and ${actual_full}</arg>
<doc>Fails if the given condition is not true.</doc>
<status status="NOT RUN" starttime="20260326 16:25:23.138" endtime="20260326 16:25:23.138"/>
</kw>
<status status="PASS" starttime="20260326 16:25:23.137" endtime="20260326 16:25:23.138"/>
</kw>
<status status="NOT RUN" starttime="20260326 16:25:23.137" endtime="20260326 16:25:23.138"/>
</kw>
<kw name="Click" library="FlaUILibrary">
<arg>${window_level_tool_button_xpath}</arg>
<doc>Left click to element by an XPath.</doc>
<status status="NOT RUN" starttime="20260326 16:25:23.138" endtime="20260326 16:25:23.138"/>
</kw>
<kw name="Reset View" library="imageviewer">
<kw name="Click" library="FlaUILibrary">
<arg>${window_XPATH}</arg>
<doc>Left click to element by an XPath.</doc>
<status status="NOT RUN" starttime="20260326 16:25:23.138" endtime="20260326 16:25:23.138"/>
</kw>
<kw name="Sleep" library="BuiltIn">
<arg>0.2s</arg>
<doc>Pauses the test executed for the given time.</doc>
<status status="NOT RUN" starttime="20260326 16:25:23.138" endtime="20260326 16:25:23.138"/>
</kw>
<kw name="Click" library="FlaUILibrary">
<arg>${RESET_VIEW_BUTTON_XPATH}</arg>
<doc>Left click to element by an XPath.</doc>
<status status="NOT RUN" starttime="20260326 16:25:23.138" endtime="20260326 16:25:23.139"/>
</kw>
<kw name="Sleep" library="BuiltIn">
<arg>0.2s</arg>
<doc>Pauses the test executed for the given time.</doc>
<status status="NOT RUN" starttime="20260326 16:25:23.139" endtime="20260326 16:25:23.139"/>
</kw>
<status status="PASS" starttime="20260326 16:25:23.138" endtime="20260326 16:25:23.139"/>
</kw>
<doc>Verify whether able to apply window level over the image.</doc>
<tag>smoke</tag>
<tag>tools</tag>
<status status="PASS" starttime="20260326 16:25:23.134" endtime="20260326 16:25:23.139"/>
</test>
<test id="s1-t4" name="MFRTT04 - Verify whether able to open and apply window level from window level panel." line="49">
<kw name="Open Window Level Panel" library="Tools">
<doc>Open the Window Level panel.</doc>
<kw name="Click" library="FlaUILibrary">
<arg>${window_XPATH}</arg>
<doc>Left click to element by an XPath.</doc>
<status status="NOT RUN" starttime="20260326 16:25:23.140" endtime="20260326 16:25:23.140"/>
</kw>
<kw name="Click" library="FlaUILibrary">
<arg>${window_Level_tool_panel_button_xpath}</arg>
<doc>Left click to element by an XPath.</doc>
<status status="NOT RUN" starttime="20260326 16:25:23.140" endtime="20260326 16:25:23.140"/>
</kw>
<kw name="Sleep" library="BuiltIn">
<arg>0.2s</arg>
<doc>Pauses the test executed for the given time.</doc>
<status status="NOT RUN" starttime="20260326 16:25:23.140" endtime="20260326 16:25:23.140"/>
</kw>
<status status="PASS" starttime="20260326 16:25:23.139" endtime="20260326 16:25:23.140"/>
</kw>
<kw name="Set Window Level Parameters" library="Tools">
<arg>37280</arg>
<arg>25900</arg>
<doc>Set some parameters in the Window Level panel to apply window level.</doc>
<kw name="Set Text To Textbox" library="FlaUILibrary">
<arg>${window_level_center_input_xpath}</arg>
<arg>${center_value}</arg>
<doc>Inputs value to a textbox module.</doc>
<status status="NOT RUN" starttime="20260326 16:25:23.140" endtime="20260326 16:25:23.140"/>
</kw>
<kw name="Set Text To Textbox" library="FlaUILibrary">
<arg>${window_level_width_input_xpath}</arg>
<arg>${width_value}</arg>
<doc>Inputs value to a textbox module.</doc>
<status status="NOT RUN" starttime="20260326 16:25:23.140" endtime="20260326 16:25:23.140"/>
</kw>
<kw name="Sleep" library="BuiltIn">
<arg>0.2s</arg>
<doc>Pauses the test executed for the given time.</doc>
<status status="NOT RUN" starttime="20260326 16:25:23.140" endtime="20260326 16:25:23.140"/>
</kw>
<status status="PASS" starttime="20260326 16:25:23.140" endtime="20260326 16:25:23.140"/>
</kw>
<kw name="Take Actual Screenshot" library="imageviewer">
<arg>MFRTT04_1.png</arg>
<kw name="Take Screenshot" library="FlaUILibrary">
<var>${screenshot_path}</var>
<arg>${IMAGE_VIEWER_XPATH}</arg>
<doc>Takes a screenshot of the whole desktop or the element, from the optionally provided identifier. 
Returns screenshot depending on log mode.
Screenshot mode File -&gt; returns filepath
Screenshot mode Base64 -&gt; returns encoded base64 string of image</doc>
<status status="NOT RUN" starttime="20260326 16:25:23.140" endtime="20260326 16:25:23.140"/>
</kw>
<kw name="Log" library="BuiltIn">
<arg>Screenshot saved to (temporary): ${screenshot_path}</arg>
<doc>Logs the given message with the given level.</doc>
<status status="NOT RUN" starttime="20260326 16:25:23.140" endtime="20260326 16:25:23.141"/>
</kw>
<kw name="Set Variable" library="BuiltIn">
<var>${dest}</var>
<arg>${actual_image}${filename}</arg>
<doc>Returns the given values which can then be assigned to a variables.</doc>
<status status="NOT RUN" starttime="20260326 16:25:23.141" endtime="20260326 16:25:23.141"/>
</kw>
<kw name="Create Directory" library="OperatingSystem">
<arg>${actual_image}</arg>
<doc>Creates the specified directory.</doc>
<status status="NOT RUN" starttime="20260326 16:25:23.141" endtime="20260326 16:25:23.141"/>
</kw>
<kw name="Move File" library="OperatingSystem">
<arg>${screenshot_path}</arg>
<arg>${dest}</arg>
<doc>Moves the source file into the destination.</doc>
<status status="NOT RUN" starttime="20260326 16:25:23.141" endtime="20260326 16:25:23.141"/>
</kw>
<kw name="Log" library="BuiltIn">
<arg>Screenshot moved to: ${dest}</arg>
<doc>Logs the given message with the given level.</doc>
<status status="NOT RUN" starttime="20260326 16:25:23.141" endtime="20260326 16:25:23.141"/>
</kw>
<return>
<value>${dest}</value>
<status status="PASS" starttime="20260326 16:25:23.141" endtime="20260326 16:25:23.141"/>
</return>
<status status="PASS" starttime="20260326 16:25:23.140" endtime="20260326 16:25:23.141"/>
</kw>
<kw name="Take Window Level Panel Screenshot" library="Tools">
<arg>MFRTT04_2.png</arg>
<kw name="Wait Until Element Exist" library="FlaUILibrary">
<arg>${window_Level_tool_panel_xpath}</arg>
<arg>5</arg>
<doc>Waits until element exist or timeout was reached. If timeout was reached an FlaUIError occurred.</doc>
<status status="NOT RUN" starttime="20260326 16:25:23.141" endtime="20260326 16:25:23.141"/>
</kw>
<kw name="Take Screenshot" library="FlaUILibrary">
<var>${screenshot_path}</var>
<arg>${window_Level_tool_panel_xpath}</arg>
<doc>Takes a screenshot of the whole desktop or the element, from the optionally provided identifier. 
Returns screenshot depending on log mode.
Screenshot mode File -&gt; returns filepath
Screenshot mode Base64 -&gt; returns encoded base64 string of image</doc>
<status status="NOT RUN" starttime="20260326 16:25:23.141" endtime="20260326 16:25:23.141"/>
</kw>
<kw name="Log" library="BuiltIn">
<arg>Screenshot saved to (temporary): ${screenshot_path}</arg>
<doc>Logs the given message with the given level.</doc>
<status status="NOT RUN" starttime="20260326 16:25:23.141" endtime="20260326 16:25:23.141"/>
</kw>
<kw name="Set Variable" library="BuiltIn">
<var>${dest}</var>
<arg>${actual_image}${filename}</arg>
<doc>Returns the given values which can then be assigned to a variables.</doc>
<status status="NOT RUN" starttime="20260326 16:25:23.141" endtime="20260326 16:25:23.141"/>
</kw>
<kw name="Create Directory" library="OperatingSystem">
<arg>${actual_image}</arg>
<doc>Creates the specified directory.</doc>
<status status="NOT RUN" starttime="20260326 16:25:23.141" endtime="20260326 16:25:23.142"/>
</kw>
<kw name="Move File" library="OperatingSystem">
<arg>${screenshot_path}</arg>
<arg>${dest}</arg>
<doc>Moves the source file into the destination.</doc>
<status status="NOT RUN" starttime="20260326 16:25:23.142" endtime="20260326 16:25:23.142"/>
</kw>
<kw name="Log" library="BuiltIn">
<arg>Screenshot moved to: ${dest}</arg>
<doc>Logs the given message with the given level.</doc>
<status status="NOT RUN" starttime="20260326 16:25:23.142" endtime="20260326 16:25:23.142"/>
</kw>
<return>
<value>${dest}</value>
<status status="PASS" starttime="20260326 16:25:23.142" endtime="20260326 16:25:23.142"/>
</return>
<status status="PASS" starttime="20260326 16:25:23.141" endtime="20260326 16:25:23.142"/>
</kw>
<kw name="Run Keyword And Continue On Failure" library="BuiltIn">
<arg>Compare Result Images</arg>
<arg>MFRTT04_1.png</arg>
<arg>MFRTT04_1.png</arg>
<doc>Runs the keyword and continues execution even if a failure occurs.</doc>
<kw name="Compare Result Images" library="imageviewer">
<arg>MFRTT04_1.png</arg>
<arg>MFRTT04_1.png</arg>
<kw name="Set Variable" library="BuiltIn">
<var>${expected_full}</var>
<arg>${expected_image}${expected_image_path}</arg>
<doc>Returns the given values which can then be assigned to a variables.</doc>
<status status="NOT RUN" starttime="20260326 16:25:23.142" endtime="20260326 16:25:23.142"/>
</kw>
<kw name="Set Variable" library="BuiltIn">
<var>${actual_full}</var>
<arg>${actual_image}${actual_image_path}</arg>
<doc>Returns the given values which can then be assigned to a variables.</doc>
<status status="NOT RUN" starttime="20260326 16:25:23.142" endtime="20260326 16:25:23.142"/>
</kw>
<kw name="Log" library="BuiltIn">
<arg>Comparing ${expected_full} with ${actual_full}</arg>
<doc>Logs the given message with the given level.</doc>
<status status="NOT RUN" starttime="20260326 16:25:23.142" endtime="20260326 16:25:23.142"/>
</kw>
<kw name="Compare Images" library="image_comparator">
<var>${result}</var>
<arg>${expected_full}</arg>
<arg>${actual_full}</arg>
<doc>Module-level wrapper so Robot Framework can use `Compare Images` keyword.
Returns True if images are identical, False otherwise.</doc>
<status status="NOT RUN" starttime="20260326 16:25:23.142" endtime="20260326 16:25:23.142"/>
</kw>
<kw name="Should Be True" library="BuiltIn">
<arg>${result}</arg>
<arg>Images do not match: ${expected_full} and ${actual_full}</arg>
<doc>Fails if the given condition is not true.</doc>
<status status="NOT RUN" starttime="20260326 16:25:23.143" endtime="20260326 16:25:23.143"/>
</kw>
<status status="PASS" starttime="20260326 16:25:23.142" endtime="20260326 16:25:23.143"/>
</kw>
<status status="NOT RUN" starttime="20260326 16:25:23.142" endtime="20260326 16:25:23.143"/>
</kw>
<kw name="Run Keyword And Continue On Failure" library="BuiltIn">
<arg>Compare Result Images</arg>
<arg>MFRTT04_2.png</arg>
<arg>MFRTT04_2.png</arg>
<doc>Runs the keyword and continues execution even if a failure occurs.</doc>
<kw name="Compare Result Images" library="imageviewer">
<arg>MFRTT04_2.png</arg>
<arg>MFRTT04_2.png</arg>
<kw name="Set Variable" library="BuiltIn">
<var>${expected_full}</var>
<arg>${expected_image}${expected_image_path}</arg>
<doc>Returns the given values which can then be assigned to a variables.</doc>
<status status="NOT RUN" starttime="20260326 16:25:23.143" endtime="20260326 16:25:23.143"/>
</kw>
<kw name="Set Variable" library="BuiltIn">
<var>${actual_full}</var>
<arg>${actual_image}${actual_image_path}</arg>
<doc>Returns the given values which can then be assigned to a variables.</doc>
<status status="NOT RUN" starttime="20260326 16:25:23.143" endtime="20260326 16:25:23.143"/>
</kw>
<kw name="Log" library="BuiltIn">
<arg>Comparing ${expected_full} with ${actual_full}</arg>
<doc>Logs the given message with the given level.</doc>
<status status="NOT RUN" starttime="20260326 16:25:23.143" endtime="20260326 16:25:23.143"/>
</kw>
<kw name="Compare Images" library="image_comparator">
<var>${result}</var>
<arg>${expected_full}</arg>
<arg>${actual_full}</arg>
<doc>Module-level wrapper so Robot Framework can use `Compare Images` keyword.
Returns True if images are identical, False otherwise.</doc>
<status status="NOT RUN" starttime="20260326 16:25:23.143" endtime="20260326 16:25:23.143"/>
</kw>
<kw name="Should Be True" library="BuiltIn">
<arg>${result}</arg>
<arg>Images do not match: ${expected_full} and ${actual_full}</arg>
<doc>Fails if the given condition is not true.</doc>
<status status="NOT RUN" starttime="20260326 16:25:23.143" endtime="20260326 16:25:23.143"/>
</kw>
<status status="PASS" starttime="20260326 16:25:23.143" endtime="20260326 16:25:23.143"/>
</kw>
<status status="NOT RUN" starttime="20260326 16:25:23.143" endtime="20260326 16:25:23.143"/>
</kw>
<kw name="Click" library="FlaUILibrary">
<arg>${window_Level_tool_panel_button_xpath}</arg>
<doc>Left click to element by an XPath.</doc>
<status status="NOT RUN" starttime="20260326 16:25:23.143" endtime="20260326 16:25:23.143"/>
</kw>
<kw name="Reset View" library="imageviewer">
<kw name="Click" library="FlaUILibrary">
<arg>${window_XPATH}</arg>
<doc>Left click to element by an XPath.</doc>
<status status="NOT RUN" starttime="20260326 16:25:23.144" endtime="20260326 16:25:23.144"/>
</kw>
<kw name="Sleep" library="BuiltIn">
<arg>0.2s</arg>
<doc>Pauses the test executed for the given time.</doc>
<status status="NOT RUN" starttime="20260326 16:25:23.144" endtime="20260326 16:25:23.144"/>
</kw>
<kw name="Click" library="FlaUILibrary">
<arg>${RESET_VIEW_BUTTON_XPATH}</arg>
<doc>Left click to element by an XPath.</doc>
<status status="NOT RUN" starttime="20260326 16:25:23.144" endtime="20260326 16:25:23.144"/>
</kw>
<kw name="Sleep" library="BuiltIn">
<arg>0.2s</arg>
<doc>Pauses the test executed for the given time.</doc>
<status status="NOT RUN" starttime="20260326 16:25:23.144" endtime="20260326 16:25:23.144"/>
</kw>
<status status="PASS" starttime="20260326 16:25:23.143" endtime="20260326 16:25:23.144"/>
</kw>
<doc>Verify whether able to open and apply window level from window level panel.</doc>
<tag>smoke</tag>
<tag>tools</tag>
<status status="PASS" starttime="20260326 16:25:23.139" endtime="20260326 16:25:23.144"/>
</test>
<test id="s1-t5" name="MFRTT05 - Verify whether able to open Pixel Intensity Histogram." line="62">
<kw name="Click" library="FlaUILibrary">
<arg>${window_XPATH}</arg>
<doc>Left click to element by an XPath.</doc>
<status status="NOT RUN" starttime="20260326 16:25:23.145" endtime="20260326 16:25:23.145"/>
</kw>
<kw name="Apply Window Level" library="Tools">
<arg>2</arg>
<arg>845</arg>
<arg>470</arg>
<arg>1050</arg>
<arg>570</arg>
<doc>Activate the Window Level tool and apply it on the image viewer the requested number of times.</doc>
<kw name="Focus" library="FlaUILibrary">
<arg>${window_XPATH}</arg>
<doc>Try to focus element by given xpath.</doc>
<status status="NOT RUN" starttime="20260326 16:25:23.145" endtime="20260326 16:25:23.145"/>
</kw>
<kw name="Sleep" library="BuiltIn">
<arg>0.2s</arg>
<doc>Pauses the test executed for the given time.</doc>
<status status="NOT RUN" starttime="20260326 16:25:23.145" endtime="20260326 16:25:23.145"/>
</kw>
<kw name="Click" library="FlaUILibrary">
<arg>${window_level_tool_button_xpath}</arg>
<doc>Left click to element by an XPath.</doc>
<status status="NOT RUN" starttime="20260326 16:25:23.145" endtime="20260326 16:25:23.145"/>
</kw>
<kw name="Sleep" library="BuiltIn">
<arg>0.2s</arg>
<doc>Pauses the test executed for the given time.</doc>
<status status="NOT RUN" starttime="20260326 16:25:23.146" endtime="20260326 16:25:23.146"/>
</kw>
<kw name="Convert To Integer" library="BuiltIn">
<var>${repeat_count}</var>
<arg>${repeat_count}</arg>
<doc>Converts the given item to an integer number.</doc>
<status status="NOT RUN" starttime="20260326 16:25:23.146" endtime="20260326 16:25:23.146"/>
</kw>
<for flavor="IN RANGE">
<var>${index}</var>
<value>${repeat_count}</value>
<iter>
<var name="${index}"/>
<kw name="Mouse Click Drag" library="AutoItLibrary">
<arg>left</arg>
<arg>${x1}</arg>
<arg>${y1}</arg>
<arg>${x2}</arg>
<arg>${y2}</arg>
<doc>method MouseClickDrag</doc>
<status status="NOT RUN" starttime="20260326 16:25:23.146" endtime="20260326 16:25:23.146"/>
</kw>
<kw name="Sleep" library="BuiltIn">
<arg>0.5s</arg>
<doc>Pauses the test executed for the given time.</doc>
<status status="NOT RUN" starttime="20260326 16:25:23.146" endtime="20260326 16:25:23.147"/>
</kw>
<status status="PASS" starttime="20260326 16:25:23.146" endtime="20260326 16:25:23.147"/>
</iter>
<status status="PASS" starttime="20260326 16:25:23.146" endtime="20260326 16:25:23.147"/>
</for>
<status status="PASS" starttime="20260326 16:25:23.145" endtime="20260326 16:25:23.147"/>
</kw>
<kw name="Click" library="FlaUILibrary">
<arg>${window_level_tool_button_xpath}</arg>
<doc>Left click to element by an XPath.</doc>
<status status="NOT RUN" starttime="20260326 16:25:23.147" endtime="20260326 16:25:23.147"/>
</kw>
<kw name="Open Pixel Intensity Histogram" library="Tools">
<doc>Open the Pixel Intensity Histogram window.</doc>
<kw name="Click" library="FlaUILibrary">
<arg>${window_XPATH}</arg>
<doc>Left click to element by an XPath.</doc>
<status status="NOT RUN" starttime="20260326 16:25:23.147" endtime="20260326 16:25:23.147"/>
</kw>
<kw name="Click" library="FlaUILibrary">
<arg>${pixel_intensity_histogram_button_xpath}</arg>
<doc>Left click to element by an XPath.</doc>
<status status="NOT RUN" starttime="20260326 16:25:23.147" endtime="20260326 16:25:23.147"/>
</kw>
<kw name="Sleep" library="BuiltIn">
<arg>0.2s</arg>
<doc>Pauses the test executed for the given time.</doc>
<status status="NOT RUN" starttime="20260326 16:25:23.147" endtime="20260326 16:25:23.147"/>
</kw>
<status status="PASS" starttime="20260326 16:25:23.147" endtime="20260326 16:25:23.147"/>
</kw>
<kw name="Sleep" library="BuiltIn">
<arg>1s</arg>
<doc>Pauses the test executed for the given time.</doc>
<status status="NOT RUN" starttime="20260326 16:25:23.147" endtime="20260326 16:25:23.147"/>
</kw>
<kw name="Take Actual Screenshot" library="imageviewer">
<arg>MFRTT05_1.png</arg>
<kw name="Take Screenshot" library="FlaUILibrary">
<var>${screenshot_path}</var>
<arg>${IMAGE_VIEWER_XPATH}</arg>
<doc>Takes a screenshot of the whole desktop or the element, from the optionally provided identifier. 
Returns screenshot depending on log mode.
Screenshot mode File -&gt; returns filepath
Screenshot mode Base64 -&gt; returns encoded base64 string of image</doc>
<status status="NOT RUN" starttime="20260326 16:25:23.147" endtime="20260326 16:25:23.147"/>
</kw>
<kw name="Log" library="BuiltIn">
<arg>Screenshot saved to (temporary): ${screenshot_path}</arg>
<doc>Logs the given message with the given level.</doc>
<status status="NOT RUN" starttime="20260326 16:25:23.148" endtime="20260326 16:25:23.148"/>
</kw>
<kw name="Set Variable" library="BuiltIn">
<var>${dest}</var>
<arg>${actual_image}${filename}</arg>
<doc>Returns the given values which can then be assigned to a variables.</doc>
<status status="NOT RUN" starttime="20260326 16:25:23.148" endtime="20260326 16:25:23.148"/>
</kw>
<kw name="Create Directory" library="OperatingSystem">
<arg>${actual_image}</arg>
<doc>Creates the specified directory.</doc>
<status status="NOT RUN" starttime="20260326 16:25:23.148" endtime="20260326 16:25:23.148"/>
</kw>
<kw name="Move File" library="OperatingSystem">
<arg>${screenshot_path}</arg>
<arg>${dest}</arg>
<doc>Moves the source file into the destination.</doc>
<status status="NOT RUN" starttime="20260326 16:25:23.148" endtime="20260326 16:25:23.148"/>
</kw>
<kw name="Log" library="BuiltIn">
<arg>Screenshot moved to: ${dest}</arg>
<doc>Logs the given message with the given level.</doc>
<status status="NOT RUN" starttime="20260326 16:25:23.148" endtime="20260326 16:25:23.148"/>
</kw>
<return>
<value>${dest}</value>
<status status="PASS" starttime="20260326 16:25:23.148" endtime="20260326 16:25:23.148"/>
</return>
<status status="PASS" starttime="20260326 16:25:23.147" endtime="20260326 16:25:23.148"/>
</kw>
<kw name="Take Pixel Intensity Histogram Screenshot" library="Tools">
<arg>MFRTT05_2.png</arg>
<kw name="Wait Until Element Exist" library="FlaUILibrary">
<arg>${pixel_intensity_histogram_window_xpath}</arg>
<arg>5</arg>
<doc>Waits until element exist or timeout was reached. If timeout was reached an FlaUIError occurred.</doc>
<status status="NOT RUN" starttime="20260326 16:25:23.148" endtime="20260326 16:25:23.148"/>
</kw>
<kw name="Take Screenshot" library="FlaUILibrary">
<var>${screenshot_path}</var>
<arg>${pixel_intensity_histogram_window_xpath}</arg>
<doc>Takes a screenshot of the whole desktop or the element, from the optionally provided identifier. 
Returns screenshot depending on log mode.
Screenshot mode File -&gt; returns filepath
Screenshot mode Base64 -&gt; returns encoded base64 string of image</doc>
<status status="NOT RUN" starttime="20260326 16:25:23.148" endtime="20260326 16:25:23.148"/>
</kw>
<kw name="Log" library="BuiltIn">
<arg>Screenshot saved to (temporary): ${screenshot_path}</arg>
<doc>Logs the given message with the given level.</doc>
<status status="NOT RUN" starttime="20260326 16:25:23.148" endtime="20260326 16:25:23.148"/>
</kw>
<kw name="Set Variable" library="BuiltIn">
<var>${dest}</var>
<arg>${actual_image}${filename}</arg>
<doc>Returns the given values which can then be assigned to a variables.</doc>
<status status="NOT RUN" starttime="20260326 16:25:23.148" endtime="20260326 16:25:23.149"/>
</kw>
<kw name="Create Directory" library="OperatingSystem">
<arg>${actual_image}</arg>
<doc>Creates the specified directory.</doc>
<status status="NOT RUN" starttime="20260326 16:25:23.149" endtime="20260326 16:25:23.149"/>
</kw>
<kw name="Move File" library="OperatingSystem">
<arg>${screenshot_path}</arg>
<arg>${dest}</arg>
<doc>Moves the source file into the destination.</doc>
<status status="NOT RUN" starttime="20260326 16:25:23.149" endtime="20260326 16:25:23.149"/>
</kw>
<kw name="Log" library="BuiltIn">
<arg>Screenshot moved to: ${dest}</arg>
<doc>Logs the given message with the given level.</doc>
<status status="NOT RUN" starttime="20260326 16:25:23.149" endtime="20260326 16:25:23.149"/>
</kw>
<return>
<value>${dest}</value>
<status status="PASS" starttime="20260326 16:25:23.149" endtime="20260326 16:25:23.149"/>
</return>
<status status="PASS" starttime="20260326 16:25:23.148" endtime="20260326 16:25:23.149"/>
</kw>
<kw name="Run Keyword And Continue On Failure" library="BuiltIn">
<arg>Compare Result Images</arg>
<arg>MFRTT05_1.png</arg>
<arg>MFRTT05_1.png</arg>
<doc>Runs the keyword and continues execution even if a failure occurs.</doc>
<kw name="Compare Result Images" library="imageviewer">
<arg>MFRTT05_1.png</arg>
<arg>MFRTT05_1.png</arg>
<kw name="Set Variable" library="BuiltIn">
<var>${expected_full}</var>
<arg>${expected_image}${expected_image_path}</arg>
<doc>Returns the given values which can then be assigned to a variables.</doc>
<status status="NOT RUN" starttime="20260326 16:25:23.149" endtime="20260326 16:25:23.150"/>
</kw>
<kw name="Set Variable" library="BuiltIn">
<var>${actual_full}</var>
<arg>${actual_image}${actual_image_path}</arg>
<doc>Returns the given values which can then be assigned to a variables.</doc>
<status status="NOT RUN" starttime="20260326 16:25:23.150" endtime="20260326 16:25:23.150"/>
</kw>
<kw name="Log" library="BuiltIn">
<arg>Comparing ${expected_full} with ${actual_full}</arg>
<doc>Logs the given message with the given level.</doc>
<status status="NOT RUN" starttime="20260326 16:25:23.150" endtime="20260326 16:25:23.150"/>
</kw>
<kw name="Compare Images" library="image_comparator">
<var>${result}</var>
<arg>${expected_full}</arg>
<arg>${actual_full}</arg>
<doc>Module-level wrapper so Robot Framework can use `Compare Images` keyword.
Returns True if images are identical, False otherwise.</doc>
<status status="NOT RUN" starttime="20260326 16:25:23.150" endtime="20260326 16:25:23.150"/>
</kw>
<kw name="Should Be True" library="BuiltIn">
<arg>${result}</arg>
<arg>Images do not match: ${expected_full} and ${actual_full}</arg>
<doc>Fails if the given condition is not true.</doc>
<status status="NOT RUN" starttime="20260326 16:25:23.150" endtime="20260326 16:25:23.150"/>
</kw>
<status status="PASS" starttime="20260326 16:25:23.149" endtime="20260326 16:25:23.150"/>
</kw>
<status status="NOT RUN" starttime="20260326 16:25:23.149" endtime="20260326 16:25:23.150"/>
</kw>
<kw name="Run Keyword And Continue On Failure" library="BuiltIn">
<arg>Compare Result Images</arg>
<arg>MFRTT05_2.png</arg>
<arg>MFRTT05_2.png</arg>
<doc>Runs the keyword and continues execution even if a failure occurs.</doc>
<kw name="Compare Result Images" library="imageviewer">
<arg>MFRTT05_2.png</arg>
<arg>MFRTT05_2.png</arg>
<kw name="Set Variable" library="BuiltIn">
<var>${expected_full}</var>
<arg>${expected_image}${expected_image_path}</arg>
<doc>Returns the given values which can then be assigned to a variables.</doc>
<status status="NOT RUN" starttime="20260326 16:25:23.150" endtime="20260326 16:25:23.150"/>
</kw>
<kw name="Set Variable" library="BuiltIn">
<var>${actual_full}</var>
<arg>${actual_image}${actual_image_path}</arg>
<doc>Returns the given values which can then be assigned to a variables.</doc>
<status status="NOT RUN" starttime="20260326 16:25:23.151" endtime="20260326 16:25:23.151"/>
</kw>
<kw name="Log" library="BuiltIn">
<arg>Comparing ${expected_full} with ${actual_full}</arg>
<doc>Logs the given message with the given level.</doc>
<status status="NOT RUN" starttime="20260326 16:25:23.151" endtime="20260326 16:25:23.151"/>
</kw>
<kw name="Compare Images" library="image_comparator">
<var>${result}</var>
<arg>${expected_full}</arg>
<arg>${actual_full}</arg>
<doc>Module-level wrapper so Robot Framework can use `Compare Images` keyword.
Returns True if images are identical, False otherwise.</doc>
<status status="NOT RUN" starttime="20260326 16:25:23.151" endtime="20260326 16:25:23.151"/>
</kw>
<kw name="Should Be True" library="BuiltIn">
<arg>${result}</arg>
<arg>Images do not match: ${expected_full} and ${actual_full}</arg>
<doc>Fails if the given condition is not true.</doc>
<status status="NOT RUN" starttime="20260326 16:25:23.151" endtime="20260326 16:25:23.151"/>
</kw>
<status status="PASS" starttime="20260326 16:25:23.150" endtime="20260326 16:25:23.151"/>
</kw>
<status status="NOT RUN" starttime="20260326 16:25:23.150" endtime="20260326 16:25:23.151"/>
</kw>
<kw name="Click" library="FlaUILibrary">
<arg>${pixel_intensity_histogram_button_xpath}</arg>
<doc>Left click to element by an XPath.</doc>
<status status="NOT RUN" starttime="20260326 16:25:23.151" endtime="20260326 16:25:23.151"/>
</kw>
<kw name="Reset View" library="imageviewer">
<kw name="Click" library="FlaUILibrary">
<arg>${window_XPATH}</arg>
<doc>Left click to element by an XPath.</doc>
<status status="NOT RUN" starttime="20260326 16:25:23.151" endtime="20260326 16:25:23.151"/>
</kw>
<kw name="Sleep" library="BuiltIn">
<arg>0.2s</arg>
<doc>Pauses the test executed for the given time.</doc>
<status status="NOT RUN" starttime="20260326 16:25:23.151" endtime="20260326 16:25:23.151"/>
</kw>
<kw name="Click" library="FlaUILibrary">
<arg>${RESET_VIEW_BUTTON_XPATH}</arg>
<doc>Left click to element by an XPath.</doc>
<status status="NOT RUN" starttime="20260326 16:25:23.151" endtime="20260326 16:25:23.151"/>
</kw>
<kw name="Sleep" library="BuiltIn">
<arg>0.2s</arg>
<doc>Pauses the test executed for the given time.</doc>
<status status="NOT RUN" starttime="20260326 16:25:23.151" endtime="20260326 16:25:23.151"/>
</kw>
<status status="PASS" starttime="20260326 16:25:23.151" endtime="20260326 16:25:23.151"/>
</kw>
<doc>Verify whether able to open Pixel Intensity Histogram.</doc>
<tag>smoke</tag>
<tag>tools</tag>
<status status="PASS" starttime="20260326 16:25:23.144" endtime="20260326 16:25:23.152"/>
</test>
<test id="s1-t6" name="MFRTT06 - Verify whether able to calibrate the image by adding calibration tool." line="78">
<kw name="Click" library="FlaUILibrary">
<arg>${window_XPATH}</arg>
<doc>Left click to element by an XPath.</doc>
<status status="NOT RUN" starttime="20260326 16:25:23.152" endtime="20260326 16:25:23.152"/>
</kw>
<kw name="Apply Auto Best BNC" library="imageviewer">
<kw name="Focus" library="FlaUILibrary">
<arg>${window_XPATH}</arg>
<doc>Try to focus element by given xpath.</doc>
<status status="NOT RUN" starttime="20260326 16:25:23.152" endtime="20260326 16:25:23.152"/>
</kw>
<kw name="Click" library="FlaUILibrary">
<arg>${autoBNC_menu_xpath}</arg>
<doc>Left click to element by an XPath.</doc>
<status status="NOT RUN" starttime="20260326 16:25:23.152" endtime="20260326 16:25:23.153"/>
</kw>
<status status="PASS" starttime="20260326 16:25:23.152" endtime="20260326 16:25:23.153"/>
</kw>
<kw name="Add Annotation at custom position" library="Annotations">
<arg>Ruler</arg>
<arg>770</arg>
<arg>601</arg>
<arg>773</arg>
<arg>657</arg>
<doc>Add annotation of specified type using user-provided start and end positions relative to the image viewer's top-left corner. Supported types: Arrow, Ruler, Line</doc>
<kw name="Sleep" library="BuiltIn">
<arg>1s</arg>
<doc>Pauses the test executed for the given time.</doc>
<status status="NOT RUN" starttime="20260326 16:25:23.153" endtime="20260326 16:25:23.153"/>
</kw>
<kw name="Run Keyword If" library="BuiltIn">
<arg>'${annotation_type}'=='Arrow'</arg>
<arg>Click</arg>
<arg>${arrow_annotation_button_xpath}</arg>
<doc>Runs the given keyword with the given arguments, if ``condition`` is true.</doc>
<kw name="Click" library="FlaUILibrary">
<arg>${arrow_annotation_button_xpath}</arg>
<doc>Left click to element by an XPath.</doc>
<status status="NOT RUN" starttime="20260326 16:25:23.153" endtime="20260326 16:25:23.153"/>
</kw>
<status status="NOT RUN" starttime="20260326 16:25:23.153" endtime="20260326 16:25:23.153"/>
</kw>
<kw name="Run Keyword If" library="BuiltIn">
<arg>'${annotation_type}'=='Ruler'</arg>
<arg>Click</arg>
<arg>${ruler_annotation_button_xpath}</arg>
<doc>Runs the given keyword with the given arguments, if ``condition`` is true.</doc>
<kw name="Click" library="FlaUILibrary">
<arg>${ruler_annotation_button_xpath}</arg>
<doc>Left click to element by an XPath.</doc>
<status status="NOT RUN" starttime="20260326 16:25:23.153" endtime="20260326 16:25:23.153"/>
</kw>
<status status="NOT RUN" starttime="20260326 16:25:23.153" endtime="20260326 16:25:23.153"/>
</kw>
<kw name="Run Keyword If" library="BuiltIn">
<arg>'${annotation_type}'=='Line'</arg>
<arg>Click</arg>
<arg>${line_annotation_button_xpath}</arg>
<doc>Runs the given keyword with the given arguments, if ``condition`` is true.</doc>
<kw name="Click" library="FlaUILibrary">
<arg>${line_annotation_button_xpath}</arg>
<doc>Left click to element by an XPath.</doc>
<status status="NOT RUN" starttime="20260326 16:25:23.153" endtime="20260326 16:25:23.153"/>
</kw>
<status status="NOT RUN" starttime="20260326 16:25:23.153" endtime="20260326 16:25:23.153"/>
</kw>
<kw name="Run Keyword If" library="BuiltIn">
<arg>'${annotation_type}'=='Rectangle'</arg>
<arg>Click</arg>
<arg>${rectangle_annotation_button_xpath}</arg>
<doc>Runs the given keyword with the given arguments, if ``condition`` is true.</doc>
<kw name="Click" library="FlaUILibrary">
<arg>${rectangle_annotation_button_xpath}</arg>
<doc>Left click to element by an XPath.</doc>
<status status="NOT RUN" starttime="20260326 16:25:23.153" endtime="20260326 16:25:23.154"/>
</kw>
<status status="NOT RUN" starttime="20260326 16:25:23.153" endtime="20260326 16:25:23.154"/>
</kw>
<kw name="Run Keyword If" library="BuiltIn">
<arg>'${annotation_type}'=='Circle'</arg>
<arg>Click</arg>
<arg>${circle_annotation_button_xpath}</arg>
<doc>Runs the given keyword with the given arguments, if ``condition`` is true.</doc>
<kw name="Click" library="FlaUILibrary">
<arg>${circle_annotation_button_xpath}</arg>
<doc>Left click to element by an XPath.</doc>
<status status="NOT RUN" starttime="20260326 16:25:23.154" endtime="20260326 16:25:23.154"/>
</kw>
<status status="NOT RUN" starttime="20260326 16:25:23.154" endtime="20260326 16:25:23.154"/>
</kw>
<kw name="Sleep" library="BuiltIn">
<arg>1s</arg>
<doc>Pauses the test executed for the given time.</doc>
<status status="NOT RUN" starttime="20260326 16:25:23.154" endtime="20260326 16:25:23.154"/>
</kw>
<kw name="Mouse Click Drag" library="AutoItLibrary">
<arg>left</arg>
<arg>${x1}</arg>
<arg>${y1}</arg>
<arg>${x2}</arg>
<arg>${y2}</arg>
<doc>method MouseClickDrag</doc>
<status status="NOT RUN" starttime="20260326 16:25:23.154" endtime="20260326 16:25:23.154"/>
</kw>
<kw name="Sleep" library="BuiltIn">
<arg>1s</arg>
<doc>Pauses the test executed for the given time.</doc>
<status status="NOT RUN" starttime="20260326 16:25:23.154" endtime="20260326 16:25:23.154"/>
</kw>
<kw name="Run Keyword If" library="BuiltIn">
<arg>'${annotation_type}'=='Arrow'</arg>
<arg>Click</arg>
<arg>${arrow_annotation_button_xpath}</arg>
<doc>Runs the given keyword with the given arguments, if ``condition`` is true.</doc>
<kw name="Click" library="FlaUILibrary">
<arg>${arrow_annotation_button_xpath}</arg>
<doc>Left click to element by an XPath.</doc>
<status status="NOT RUN" starttime="20260326 16:25:23.154" endtime="20260326 16:25:23.154"/>
</kw>
<status status="NOT RUN" starttime="20260326 16:25:23.154" endtime="20260326 16:25:23.154"/>
</kw>
<kw name="Run Keyword If" library="BuiltIn">
<arg>'${annotation_type}'=='Ruler'</arg>
<arg>Click</arg>
<arg>${ruler_annotation_button_xpath}</arg>
<doc>Runs the given keyword with the given arguments, if ``condition`` is true.</doc>
<kw name="Click" library="FlaUILibrary">
<arg>${ruler_annotation_button_xpath}</arg>
<doc>Left click to element by an XPath.</doc>
<status status="NOT RUN" starttime="20260326 16:25:23.155" endtime="20260326 16:25:23.155"/>
</kw>
<status status="NOT RUN" starttime="20260326 16:25:23.155" endtime="20260326 16:25:23.155"/>
</kw>
<kw name="Run Keyword If" library="BuiltIn">
<arg>'${annotation_type}'=='Line'</arg>
<arg>Click</arg>
<arg>${line_annotation_button_xpath}</arg>
<doc>Runs the given keyword with the given arguments, if ``condition`` is true.</doc>
<kw name="Click" library="FlaUILibrary">
<arg>${line_annotation_button_xpath}</arg>
<doc>Left click to element by an XPath.</doc>
<status status="NOT RUN" starttime="20260326 16:25:23.155" endtime="20260326 16:25:23.155"/>
</kw>
<status status="NOT RUN" starttime="20260326 16:25:23.155" endtime="20260326 16:25:23.155"/>
</kw>
<kw name="Run Keyword If" library="BuiltIn">
<arg>'${annotation_type}'=='Rectangle'</arg>
<arg>Click</arg>
<arg>${rectangle_annotation_button_xpath}</arg>
<doc>Runs the given keyword with the given arguments, if ``condition`` is true.</doc>
<kw name="Click" library="FlaUILibrary">
<arg>${rectangle_annotation_button_xpath}</arg>
<doc>Left click to element by an XPath.</doc>
<status status="NOT RUN" starttime="20260326 16:25:23.155" endtime="20260326 16:25:23.155"/>
</kw>
<status status="NOT RUN" starttime="20260326 16:25:23.155" endtime="20260326 16:25:23.155"/>
</kw>
<kw name="Run Keyword If" library="BuiltIn">
<arg>'${annotation_type}'=='Circle'</arg>
<arg>Click</arg>
<arg>${circle_annotation_button_xpath}</arg>
<doc>Runs the given keyword with the given arguments, if ``condition`` is true.</doc>
<kw name="Click" library="FlaUILibrary">
<arg>${circle_annotation_button_xpath}</arg>
<doc>Left click to element by an XPath.</doc>
<status status="NOT RUN" starttime="20260326 16:25:23.155" endtime="20260326 16:25:23.155"/>
</kw>
<status status="NOT RUN" starttime="20260326 16:25:23.155" endtime="20260326 16:25:23.155"/>
</kw>
<kw name="Sleep" library="BuiltIn">
<arg>1s</arg>
<doc>Pauses the test executed for the given time.</doc>
<status status="NOT RUN" starttime="20260326 16:25:23.155" endtime="20260326 16:25:23.155"/>
</kw>
<status status="PASS" starttime="20260326 16:25:23.153" endtime="20260326 16:25:23.155"/>
</kw>
<kw name="Add Calibration tool over image" library="Tools">
<arg>770</arg>
<arg>476</arg>
<arg>808</arg>
<arg>474</arg>
<kw name="Focus" library="FlaUILibrary">
<arg>${window_XPATH}</arg>
<doc>Try to focus element by given xpath.</doc>
<status status="NOT RUN" starttime="20260326 16:25:23.155" endtime="20260326 16:25:23.156"/>
</kw>
<kw name="Sleep" library="BuiltIn">
<arg>0.2s</arg>
<doc>Pauses the test executed for the given time.</doc>
<status status="NOT RUN" starttime="20260326 16:25:23.156" endtime="20260326 16:25:23.156"/>
</kw>
<kw name="Click Calibration Tool" library="Tools">
<doc>Click the calibration tool item.</doc>
<kw name="Click" library="FlaUILibrary">
<arg>${window_XPATH}</arg>
<doc>Left click to element by an XPath.</doc>
<status status="NOT RUN" starttime="20260326 16:25:23.156" endtime="20260326 16:25:23.156"/>
</kw>
<kw name="Click" library="FlaUILibrary">
<arg>${calibration_tool_button_xpath}</arg>
<doc>Left click to element by an XPath.</doc>
<status status="NOT RUN" starttime="20260326 16:25:23.156" endtime="20260326 16:25:23.156"/>
</kw>
<kw name="Sleep" library="BuiltIn">
<arg>0.2s</arg>
<doc>Pauses the test executed for the given time.</doc>
<status status="NOT RUN" starttime="20260326 16:25:23.156" endtime="20260326 16:25:23.156"/>
</kw>
<status status="PASS" starttime="20260326 16:25:23.156" endtime="20260326 16:25:23.156"/>
</kw>
<kw name="Mouse Click Drag" library="AutoItLibrary">
<arg>left</arg>
<arg>${x1}</arg>
<arg>${y1}</arg>
<arg>${x2}</arg>
<arg>${y2}</arg>
<doc>method MouseClickDrag</doc>
<status status="NOT RUN" starttime="20260326 16:25:23.156" endtime="20260326 16:25:23.156"/>
</kw>
<kw name="Sleep" library="BuiltIn">
<arg>0.5s</arg>
<doc>Pauses the test executed for the given time.</doc>
<status status="NOT RUN" starttime="20260326 16:25:23.156" endtime="20260326 16:25:23.156"/>
</kw>
<status status="PASS" starttime="20260326 16:25:23.155" endtime="20260326 16:25:23.156"/>
</kw>
<kw name="Take Calibration Graph window Screenshot" library="Tools">
<arg>MFRTT06_1.png</arg>
<kw name="Wait Until Element Exist" library="FlaUILibrary">
<arg>${calibration_graph_window_XPATH}</arg>
<arg>5</arg>
<doc>Waits until element exist or timeout was reached. If timeout was reached an FlaUIError occurred.</doc>
<status status="NOT RUN" starttime="20260326 16:25:23.156" endtime="20260326 16:25:23.156"/>
</kw>
<kw name="Take Screenshot" library="FlaUILibrary">
<var>${screenshot_path}</var>
<arg>${calibration_graph_window_XPATH}</arg>
<doc>Takes a screenshot of the whole desktop or the element, from the optionally provided identifier. 
Returns screenshot depending on log mode.
Screenshot mode File -&gt; returns filepath
Screenshot mode Base64 -&gt; returns encoded base64 string of image</doc>
<status status="NOT RUN" starttime="20260326 16:25:23.158" endtime="20260326 16:25:23.158"/>
</kw>
<kw name="Log" library="BuiltIn">
<arg>Screenshot saved to (temporary): ${screenshot_path}</arg>
<doc>Logs the given message with the given level.</doc>
<status status="NOT RUN" starttime="20260326 16:25:23.158" endtime="20260326 16:25:23.158"/>
</kw>
<kw name="Set Variable" library="BuiltIn">
<var>${dest}</var>
<arg>${actual_image}${filename}</arg>
<doc>Returns the given values which can then be assigned to a variables.</doc>
<status status="NOT RUN" starttime="20260326 16:25:23.158" endtime="20260326 16:25:23.158"/>
</kw>
<kw name="Create Directory" library="OperatingSystem">
<arg>${actual_image}</arg>
<doc>Creates the specified directory.</doc>
<status status="NOT RUN" starttime="20260326 16:25:23.158" endtime="20260326 16:25:23.158"/>
</kw>
<kw name="Move File" library="OperatingSystem">
<arg>${screenshot_path}</arg>
<arg>${dest}</arg>
<doc>Moves the source file into the destination.</doc>
<status status="NOT RUN" starttime="20260326 16:25:23.158" endtime="20260326 16:25:23.158"/>
</kw>
<kw name="Log" library="BuiltIn">
<arg>Screenshot moved to: ${dest}</arg>
<doc>Logs the given message with the given level.</doc>
<status status="NOT RUN" starttime="20260326 16:25:23.158" endtime="20260326 16:25:23.158"/>
</kw>
<return>
<value>${dest}</value>
<status status="PASS" starttime="20260326 16:25:23.158" endtime="20260326 16:25:23.159"/>
</return>
[...]
<kw name="Set Variable" library="BuiltIn">
<var>${expected_full}</var>
<arg>${expected_image}${expected_image_path}</arg>
<doc>Returns the given values which can then be assigned to a variables.</doc>
<status status="NOT RUN" starttime="20260326 16:25:23.216" endtime="20260326 16:25:23.216"/>
</kw>
<kw name="Set Variable" library="BuiltIn">
<var>${actual_full}</var>
<arg>${actual_image}${actual_image_path}</arg>
<doc>Returns the given values which can then be assigned to a variables.</doc>
<status status="NOT RUN" starttime="20260326 16:25:23.216" endtime="20260326 16:25:23.217"/>
</kw>
<kw name="Log" library="BuiltIn">
<arg>Comparing ${expected_full} with ${actual_full}</arg>
<doc>Logs the given message with the given level.</doc>
<status status="NOT RUN" starttime="20260326 16:25:23.217" endtime="20260326 16:25:23.217"/>
</kw>
<kw name="Compare Images" library="image_comparator">
<var>${result}</var>
<arg>${expected_full}</arg>
<arg>${actual_full}</arg>
<doc>Module-level wrapper so Robot Framework can use `Compare Images` keyword.
Returns True if images are identical, False otherwise.</doc>
<status status="NOT RUN" starttime="20260326 16:25:23.217" endtime="20260326 16:25:23.217"/>
</kw>
<kw name="Should Be True" library="BuiltIn">
<arg>${result}</arg>
<arg>Images do not match: ${expected_full} and ${actual_full}</arg>
<doc>Fails if the given condition is not true.</doc>
<status status="NOT RUN" starttime="20260326 16:25:23.217" endtime="20260326 16:25:23.217"/>
</kw>
<status status="PASS" starttime="20260326 16:25:23.216" endtime="20260326 16:25:23.217"/>
</kw>
<status status="NOT RUN" starttime="20260326 16:25:23.216" endtime="20260326 16:25:23.217"/>
</kw>
<kw name="Click Surface Plot Window Fit View Button" library="Tools">
<doc>Click Surface Plot Window Fit View Button.</doc>
<kw name="Focus" library="FlaUILibrary">
<arg>${window_XPATH}</arg>
<doc>Try to focus element by given xpath.</doc>
<status status="NOT RUN" starttime="20260326 16:25:23.217" endtime="20260326 16:25:23.218"/>
</kw>
<kw name="Sleep" library="BuiltIn">
<arg>0.2s</arg>
<doc>Pauses the test executed for the given time.</doc>
<status status="NOT RUN" starttime="20260326 16:25:23.218" endtime="20260326 16:25:23.218"/>
</kw>
<kw name="Click" library="FlaUILibrary">
<arg>${surface_plot_resetview_button_xpath}</arg>
<doc>Left click to element by an XPath.</doc>
<status status="NOT RUN" starttime="20260326 16:25:23.218" endtime="20260326 16:25:23.218"/>
</kw>
<kw name="Sleep" library="BuiltIn">
<arg>0.2s</arg>
<doc>Pauses the test executed for the given time.</doc>
<status status="NOT RUN" starttime="20260326 16:25:23.218" endtime="20260326 16:25:23.218"/>
</kw>
<status status="PASS" starttime="20260326 16:25:23.217" endtime="20260326 16:25:23.218"/>
</kw>
<doc>Verify whether able to Zoom in and Zoom out on surface plot 3D image.</doc>
<tag>smoke</tag>
<tag>tools</tag>
<status status="PASS" starttime="20260326 16:25:23.207" endtime="20260326 16:25:23.218"/>
</test>
<test id="s1-t13" name="MFRTT13 - Verify whether able to Rotate surface plot 3D image." line="185">
<kw name="Rotate Surface Plot 3D Image" library="Tools">
<arg>930</arg>
<arg>430</arg>
<arg>1010</arg>
<arg>490</arg>
<doc>Rotate surface plot 3D image by right-click dragging on the viewer using user-provided start and end coordinates.</doc>
<kw name="Focus" library="FlaUILibrary">
<arg>${window_XPATH}</arg>
<doc>Try to focus element by given xpath.</doc>
<status status="NOT RUN" starttime="20260326 16:25:23.219" endtime="20260326 16:25:23.219"/>
</kw>
<kw name="Sleep" library="BuiltIn">
<arg>0.2s</arg>
<doc>Pauses the test executed for the given time.</doc>
<status status="NOT RUN" starttime="20260326 16:25:23.219" endtime="20260326 16:25:23.219"/>
</kw>
<kw name="Click" library="FlaUILibrary">
<arg>${surface_plot_window_xpath}</arg>
<doc>Left click to element by an XPath.</doc>
<status status="NOT RUN" starttime="20260326 16:25:23.220" endtime="20260326 16:25:23.220"/>
</kw>
<kw name="Sleep" library="BuiltIn">
<arg>0.2s</arg>
<doc>Pauses the test executed for the given time.</doc>
<status status="NOT RUN" starttime="20260326 16:25:23.220" endtime="20260326 16:25:23.220"/>
</kw>
<kw name="Mouse Click Drag" library="AutoItLibrary">
<arg>right</arg>
<arg>${start_x}</arg>
<arg>${start_y}</arg>
<arg>${end_x}</arg>
<arg>${end_y}</arg>
<doc>method MouseClickDrag</doc>
<status status="NOT RUN" starttime="20260326 16:25:23.220" endtime="20260326 16:25:23.220"/>
</kw>
<kw name="Sleep" library="BuiltIn">
<arg>0.5s</arg>
<doc>Pauses the test executed for the given time.</doc>
<status status="NOT RUN" starttime="20260326 16:25:23.220" endtime="20260326 16:25:23.220"/>
</kw>
<status status="PASS" starttime="20260326 16:25:23.219" endtime="20260326 16:25:23.220"/>
</kw>
<kw name="Take surface plot window Screenshot" library="Tools">
<arg>MFRTT13_1.png</arg>
<kw name="Wait Until Element Exist" library="FlaUILibrary">
<arg>${surface_plot_window_xpath}</arg>
<arg>5</arg>
<doc>Waits until element exist or timeout was reached. If timeout was reached an FlaUIError occurred.</doc>
<status status="NOT RUN" starttime="20260326 16:25:23.221" endtime="20260326 16:25:23.221"/>
</kw>
<kw name="Take Screenshot" library="FlaUILibrary">
<var>${screenshot_path}</var>
<arg>${surface_plot_window_xpath}</arg>
<doc>Takes a screenshot of the whole desktop or the element, from the optionally provided identifier. 
Returns screenshot depending on log mode.
Screenshot mode File -&gt; returns filepath
Screenshot mode Base64 -&gt; returns encoded base64 string of image</doc>
<status status="NOT RUN" starttime="20260326 16:25:23.221" endtime="20260326 16:25:23.221"/>
</kw>
<kw name="Log" library="BuiltIn">
<arg>Screenshot saved to (temporary): ${screenshot_path}</arg>
<doc>Logs the given message with the given level.</doc>
<status status="NOT RUN" starttime="20260326 16:25:23.221" endtime="20260326 16:25:23.221"/>
</kw>
<kw name="Set Variable" library="BuiltIn">
<var>${dest}</var>
<arg>${actual_image}${filename}</arg>
<doc>Returns the given values which can then be assigned to a variables.</doc>
<status status="NOT RUN" starttime="20260326 16:25:23.221" endtime="20260326 16:25:23.221"/>
</kw>
<kw name="Create Directory" library="OperatingSystem">
<arg>${actual_image}</arg>
<doc>Creates the specified directory.</doc>
<status status="NOT RUN" starttime="20260326 16:25:23.221" endtime="20260326 16:25:23.222"/>
</kw>
<kw name="Move File" library="OperatingSystem">
<arg>${screenshot_path}</arg>
<arg>${dest}</arg>
<doc>Moves the source file into the destination.</doc>
<status status="NOT RUN" starttime="20260326 16:25:23.222" endtime="20260326 16:25:23.222"/>
</kw>
<kw name="Log" library="BuiltIn">
<arg>Screenshot moved to: ${dest}</arg>
<doc>Logs the given message with the given level.</doc>
<status status="NOT RUN" starttime="20260326 16:25:23.222" endtime="20260326 16:25:23.222"/>
</kw>
<return>
<value>${dest}</value>
<status status="PASS" starttime="20260326 16:25:23.222" endtime="20260326 16:25:23.222"/>
</return>
<status status="PASS" starttime="20260326 16:25:23.221" endtime="20260326 16:25:23.222"/>
</kw>
<kw name="Run Keyword And Continue On Failure" library="BuiltIn">
<arg>Compare Result Images</arg>
<arg>MFRTT13_1.png</arg>
<arg>MFRTT13_1.png</arg>
<doc>Runs the keyword and continues execution even if a failure occurs.</doc>
<kw name="Compare Result Images" library="imageviewer">
<arg>MFRTT13_1.png</arg>
<arg>MFRTT13_1.png</arg>
<kw name="Set Variable" library="BuiltIn">
<var>${expected_full}</var>
<arg>${expected_image}${expected_image_path}</arg>
<doc>Returns the given values which can then be assigned to a variables.</doc>
<status status="NOT RUN" starttime="20260326 16:25:23.222" endtime="20260326 16:25:23.223"/>
</kw>
<kw name="Set Variable" library="BuiltIn">
<var>${actual_full}</var>
<arg>${actual_image}${actual_image_path}</arg>
<doc>Returns the given values which can then be assigned to a variables.</doc>
<status status="NOT RUN" starttime="20260326 16:25:23.223" endtime="20260326 16:25:23.223"/>
</kw>
<kw name="Log" library="BuiltIn">
<arg>Comparing ${expected_full} with ${actual_full}</arg>
<doc>Logs the given message with the given level.</doc>
<status status="NOT RUN" starttime="20260326 16:25:23.223" endtime="20260326 16:25:23.223"/>
</kw>
<kw name="Compare Images" library="image_comparator">
<var>${result}</var>
<arg>${expected_full}</arg>
<arg>${actual_full}</arg>
<doc>Module-level wrapper so Robot Framework can use `Compare Images` keyword.
Returns True if images are identical, False otherwise.</doc>
<status status="NOT RUN" starttime="20260326 16:25:23.223" endtime="20260326 16:25:23.223"/>
</kw>
<kw name="Should Be True" library="BuiltIn">
<arg>${result}</arg>
<arg>Images do not match: ${expected_full} and ${actual_full}</arg>
<doc>Fails if the given condition is not true.</doc>
<status status="NOT RUN" starttime="20260326 16:25:23.223" endtime="20260326 16:25:23.223"/>
</kw>
<status status="PASS" starttime="20260326 16:25:23.222" endtime="20260326 16:25:23.223"/>
</kw>
<status status="NOT RUN" starttime="20260326 16:25:23.222" endtime="20260326 16:25:23.223"/>
</kw>
<kw name="Rotate Surface Plot 3D Image" library="Tools">
<arg>1010</arg>
<arg>490</arg>
<arg>940</arg>
<arg>530</arg>
<doc>Rotate surface plot 3D image by right-click dragging on the viewer using user-provided start and end coordinates.</doc>
<kw name="Focus" library="FlaUILibrary">
<arg>${window_XPATH}</arg>
<doc>Try to focus element by given xpath.</doc>
<status status="NOT RUN" starttime="20260326 16:25:23.224" endtime="20260326 16:25:23.224"/>
</kw>
<kw name="Sleep" library="BuiltIn">
<arg>0.2s</arg>
<doc>Pauses the test executed for the given time.</doc>
<status status="NOT RUN" starttime="20260326 16:25:23.224" endtime="20260326 16:25:23.224"/>
</kw>
<kw name="Click" library="FlaUILibrary">
<arg>${surface_plot_window_xpath}</arg>
<doc>Left click to element by an XPath.</doc>
<status status="NOT RUN" starttime="20260326 16:25:23.224" endtime="20260326 16:25:23.224"/>
</kw>
<kw name="Sleep" library="BuiltIn">
<arg>0.2s</arg>
<doc>Pauses the test executed for the given time.</doc>
<status status="NOT RUN" starttime="20260326 16:25:23.224" endtime="20260326 16:25:23.224"/>
</kw>
<kw name="Mouse Click Drag" library="AutoItLibrary">
<arg>right</arg>
<arg>${start_x}</arg>
<arg>${start_y}</arg>
<arg>${end_x}</arg>
<arg>${end_y}</arg>
<doc>method MouseClickDrag</doc>
<status status="NOT RUN" starttime="20260326 16:25:23.224" endtime="20260326 16:25:23.224"/>
</kw>
<kw name="Sleep" library="BuiltIn">
<arg>0.5s</arg>
<doc>Pauses the test executed for the given time.</doc>
<status status="NOT RUN" starttime="20260326 16:25:23.225" endtime="20260326 16:25:23.225"/>
</kw>
<status status="PASS" starttime="20260326 16:25:23.223" endtime="20260326 16:25:23.225"/>
</kw>
<kw name="Take surface plot window Screenshot" library="Tools">
<arg>MFRTT13_2.png</arg>
<kw name="Wait Until Element Exist" library="FlaUILibrary">
<arg>${surface_plot_window_xpath}</arg>
<arg>5</arg>
<doc>Waits until element exist or timeout was reached. If timeout was reached an FlaUIError occurred.</doc>
<status status="NOT RUN" starttime="20260326 16:25:23.225" endtime="20260326 16:25:23.225"/>
</kw>
<kw name="Take Screenshot" library="FlaUILibrary">
<var>${screenshot_path}</var>
<arg>${surface_plot_window_xpath}</arg>
<doc>Takes a screenshot of the whole desktop or the element, from the optionally provided identifier. 
Returns screenshot depending on log mode.
Screenshot mode File -&gt; returns filepath
Screenshot mode Base64 -&gt; returns encoded base64 string of image</doc>
<status status="NOT RUN" starttime="20260326 16:25:23.225" endtime="20260326 16:25:23.225"/>
</kw>
<kw name="Log" library="BuiltIn">
<arg>Screenshot saved to (temporary): ${screenshot_path}</arg>
<doc>Logs the given message with the given level.</doc>
<status status="NOT RUN" starttime="20260326 16:25:23.225" endtime="20260326 16:25:23.226"/>
</kw>
<kw name="Set Variable" library="BuiltIn">
<var>${dest}</var>
<arg>${actual_image}${filename}</arg>
<doc>Returns the given values which can then be assigned to a variables.</doc>
<status status="NOT RUN" starttime="20260326 16:25:23.226" endtime="20260326 16:25:23.226"/>
</kw>
<kw name="Create Directory" library="OperatingSystem">
<arg>${actual_image}</arg>
<doc>Creates the specified directory.</doc>
<status status="NOT RUN" starttime="20260326 16:25:23.226" endtime="20260326 16:25:23.226"/>
</kw>
<kw name="Move File" library="OperatingSystem">
<arg>${screenshot_path}</arg>
<arg>${dest}</arg>
<doc>Moves the source file into the destination.</doc>
<status status="NOT RUN" starttime="20260326 16:25:23.226" endtime="20260326 16:25:23.226"/>
</kw>
<kw name="Log" library="BuiltIn">
<arg>Screenshot moved to: ${dest}</arg>
<doc>Logs the given message with the given level.</doc>
<status status="NOT RUN" starttime="20260326 16:25:23.226" endtime="20260326 16:25:23.226"/>
</kw>
<return>
<value>${dest}</value>
<status status="PASS" starttime="20260326 16:25:23.226" endtime="20260326 16:25:23.226"/>
</return>
<status status="PASS" starttime="20260326 16:25:23.225" endtime="20260326 16:25:23.226"/>
</kw>
<kw name="Run Keyword And Continue On Failure" library="BuiltIn">
<arg>Compare Result Images</arg>
<arg>MFRTT13_2.png</arg>
<arg>MFRTT13_2.png</arg>
<doc>Runs the keyword and continues execution even if a failure occurs.</doc>
<kw name="Compare Result Images" library="imageviewer">
<arg>MFRTT13_2.png</arg>
<arg>MFRTT13_2.png</arg>
<kw name="Set Variable" library="BuiltIn">
<var>${expected_full}</var>
<arg>${expected_image}${expected_image_path}</arg>
<doc>Returns the given values which can then be assigned to a variables.</doc>
<status status="NOT RUN" starttime="20260326 16:25:23.226" endtime="20260326 16:25:23.226"/>
</kw>
<kw name="Set Variable" library="BuiltIn">
<var>${actual_full}</var>
<arg>${actual_image}${actual_image_path}</arg>
<doc>Returns the given values which can then be assigned to a variables.</doc>
<status status="NOT RUN" starttime="20260326 16:25:23.227" endtime="20260326 16:25:23.227"/>
</kw>
<kw name="Log" library="BuiltIn">
<arg>Comparing ${expected_full} with ${actual_full}</arg>
<doc>Logs the given message with the given level.</doc>
<status status="NOT RUN" starttime="20260326 16:25:23.227" endtime="20260326 16:25:23.227"/>
</kw>
<kw name="Compare Images" library="image_comparator">
<var>${result}</var>
<arg>${expected_full}</arg>
<arg>${actual_full}</arg>
<doc>Module-level wrapper so Robot Framework can use `Compare Images` keyword.
Returns True if images are identical, False otherwise.</doc>
<status status="NOT RUN" starttime="20260326 16:25:23.227" endtime="20260326 16:25:23.227"/>
</kw>
<kw name="Should Be True" library="BuiltIn">
<arg>${result}</arg>
<arg>Images do not match: ${expected_full} and ${actual_full}</arg>
<doc>Fails if the given condition is not true.</doc>
<status status="NOT RUN" starttime="20260326 16:25:23.227" endtime="20260326 16:25:23.227"/>
</kw>
<status status="PASS" starttime="20260326 16:25:23.226" endtime="20260326 16:25:23.227"/>
</kw>
<status status="NOT RUN" starttime="20260326 16:25:23.226" endtime="20260326 16:25:23.227"/>
</kw>
<kw name="Click Surface Plot Window Fit View Button" library="Tools">
<doc>Click Surface Plot Window Fit View Button.</doc>
<kw name="Focus" library="FlaUILibrary">
<arg>${window_XPATH}</arg>
<doc>Try to focus element by given xpath.</doc>
<status status="NOT RUN" starttime="20260326 16:25:23.227" endtime="20260326 16:25:23.228"/>
</kw>
<kw name="Sleep" library="BuiltIn">
<arg>0.2s</arg>
<doc>Pauses the test executed for the given time.</doc>
<status status="NOT RUN" starttime="20260326 16:25:23.228" endtime="20260326 16:25:23.228"/>
</kw>
<kw name="Click" library="FlaUILibrary">
<arg>${surface_plot_resetview_button_xpath}</arg>
<doc>Left click to element by an XPath.</doc>
<status status="NOT RUN" starttime="20260326 16:25:23.228" endtime="20260326 16:25:23.228"/>
</kw>
<kw name="Sleep" library="BuiltIn">
<arg>0.2s</arg>
<doc>Pauses the test executed for the given time.</doc>
<status status="NOT RUN" starttime="20260326 16:25:23.228" endtime="20260326 16:25:23.228"/>
</kw>
<status status="PASS" starttime="20260326 16:25:23.227" endtime="20260326 16:25:23.228"/>
</kw>
<kw name="Click" library="FlaUILibrary">
<arg>${surface_plot_tool_button_xpath}</arg>
<doc>Left click to element by an XPath.</doc>
<status status="NOT RUN" starttime="20260326 16:25:23.228" endtime="20260326 16:25:23.228"/>
</kw>
<kw name="Reset View" library="imageviewer">
<kw name="Click" library="FlaUILibrary">
<arg>${window_XPATH}</arg>
<doc>Left click to element by an XPath.</doc>
<status status="NOT RUN" starttime="20260326 16:25:23.228" endtime="20260326 16:25:23.228"/>
</kw>
<kw name="Sleep" library="BuiltIn">
<arg>0.2s</arg>
<doc>Pauses the test executed for the given time.</doc>
<status status="NOT RUN" starttime="20260326 16:25:23.228" endtime="20260326 16:25:23.228"/>
</kw>
<kw name="Click" library="FlaUILibrary">
<arg>${RESET_VIEW_BUTTON_XPATH}</arg>
<doc>Left click to element by an XPath.</doc>
<status status="NOT RUN" starttime="20260326 16:25:23.228" endtime="20260326 16:25:23.228"/>
</kw>
<kw name="Sleep" library="BuiltIn">
<arg>0.2s</arg>
<doc>Pauses the test executed for the given time.</doc>
<status status="NOT RUN" starttime="20260326 16:25:23.228" endtime="20260326 16:25:23.228"/>
</kw>
<status status="PASS" starttime="20260326 16:25:23.228" endtime="20260326 16:25:23.228"/>
</kw>
<doc>Verify whether able to Rotate surface plot 3D image.</doc>
<tag>smoke</tag>
<tag>tools</tag>
<status status="PASS" starttime="20260326 16:25:23.218" endtime="20260326 16:25:23.228"/>
</test>
<test id="s1-t14" name="MFRTT - Test" line="198">
<kw name="Rotate Surface Plot 3D Image" library="Tools">
<arg>930</arg>
<arg>430</arg>
<arg>1010</arg>
<arg>490</arg>
<doc>Rotate surface plot 3D image by right-click dragging on the viewer using user-provided start and end coordinates.</doc>
<kw name="Focus" library="FlaUILibrary">
<arg>${window_XPATH}</arg>
<doc>Try to focus element by given xpath.</doc>
<status status="NOT RUN" starttime="20260326 16:25:23.229" endtime="20260326 16:25:23.229"/>
</kw>
<kw name="Sleep" library="BuiltIn">
<arg>0.2s</arg>
<doc>Pauses the test executed for the given time.</doc>
<status status="NOT RUN" starttime="20260326 16:25:23.229" endtime="20260326 16:25:23.229"/>
</kw>
<kw name="Click" library="FlaUILibrary">
<arg>${surface_plot_window_xpath}</arg>
<doc>Left click to element by an XPath.</doc>
<status status="NOT RUN" starttime="20260326 16:25:23.229" endtime="20260326 16:25:23.229"/>
</kw>
<kw name="Sleep" library="BuiltIn">
<arg>0.2s</arg>
<doc>Pauses the test executed for the given time.</doc>
<status status="NOT RUN" starttime="20260326 16:25:23.229" endtime="20260326 16:25:23.229"/>
</kw>
<kw name="Mouse Click Drag" library="AutoItLibrary">
<arg>right</arg>
<arg>${start_x}</arg>
<arg>${start_y}</arg>
<arg>${end_x}</arg>
<arg>${end_y}</arg>
<doc>method MouseClickDrag</doc>
<status status="NOT RUN" starttime="20260326 16:25:23.229" endtime="20260326 16:25:23.229"/>
</kw>
<kw name="Sleep" library="BuiltIn">
<arg>0.5s</arg>
<doc>Pauses the test executed for the given time.</doc>
<status status="NOT RUN" starttime="20260326 16:25:23.230" endtime="20260326 16:25:23.230"/>
</kw>
<status status="PASS" starttime="20260326 16:25:23.229" endtime="20260326 16:25:23.230"/>
</kw>
<status status="PASS" starttime="20260326 16:25:23.229" endtime="20260326 16:25:23.230"/>
</test>
<status status="PASS" starttime="20260326 16:25:21.748" endtime="20260326 16:25:23.230"/>
</suite>
<statistics>
<total>
<stat pass="14" fail="0" skip="0">All Tests</stat>
</total>
<tag>
<stat pass="13" fail="0" skip="0">smoke</stat>
<stat pass="13" fail="0" skip="0">tools</stat>
</tag>
<suite>
<stat pass="14" fail="0" skip="0" id="s1" name="04 Tools">04 Tools</stat>
</suite>
</statistics>
<errors>
</errors>
</robot>
